==== prefetch SRR1299496 ====
2026-02-24T01:20:57 prefetch.3.2.1: 1) Resolving 'SRR1299496'...
2026-02-24T01:20:58 prefetch.3.2.1: Current preference is set to retrieve SRA Normalized Format files with full base quality scores
2026-02-24T01:20:58 prefetch.3.2.1: 1) Downloading 'SRR1299496'...
2026-02-24T01:20:58 prefetch.3.2.1 warn: lock exists while copying file - Lock file /mnt/dv/wid/projects7/Roy-singlecell2/multispecies_singlecell/swathi_work/data/phylo_proj/Botany653/raw_downloads/SRR1299496/SRR1299496.sra.lock exists: download canceled
2026-02-24T01:20:58 prefetch.3.2.1 int: lock exists while copying file - 1) failed to download 'SRR1299496'
==== prefetch SRR1299090 ====
2026-02-24T01:20:58 prefetch.3.2.1: 1) Resolving 'SRR1299090'...
2026-02-24T01:20:59 prefetch.3.2.1: Current preference is set to retrieve SRA Normalized Format files with full base quality scores
2026-02-24T01:20:59 prefetch.3.2.1: 1) Downloading 'SRR1299090'...
2026-02-24T01:20:59 prefetch.3.2.1:  SRA Normalized Format file is being retrieved
2026-02-24T01:20:59 prefetch.3.2.1:  Downloading via HTTPS...
==== prefetch SRR1299083 ====
2026-02-24T01:22:37 prefetch.3.2.1: 1) Resolving 'SRR1299083'...
2026-02-24T01:22:38 prefetch.3.2.1: Current preference is set to retrieve SRA Normalized Format files with full base quality scores
2026-02-24T01:22:39 prefetch.3.2.1: 1) Downloading 'SRR1299083'...
2026-02-24T01:22:39 prefetch.3.2.1:  SRA Normalized Format file is being retrieved
2026-02-24T01:22:39 prefetch.3.2.1:  Downloading via HTTPS...
2026-02-24T01:22:39 prefetch.3.2.1:    Continue download of 'SRR1299083' from 60819184
==== prefetch SRR1299496 ====
2026-02-24T01:23:30 prefetch.3.2.1: 1) Resolving 'SRR1299496'...
2026-02-24T01:23:31 prefetch.3.2.1: Current preference is set to retrieve SRA Normalized Format files with full base quality scores
2026-02-24T01:23:31 prefetch.3.2.1: 1) Downloading 'SRR1299496'...
2026-02-24T01:23:31 prefetch.3.2.1:  SRA Normalized Format file is being retrieved
2026-02-24T01:23:31 prefetch.3.2.1:  Downloading via HTTPS...
2026-02-24T01:24:57 prefetch.3.2.1:  HTTPS download succeed
2026-02-24T01:25:02 prefetch.3.2.1:  'SRR1299496' is valid: 2993808692 bytes were streamed from 2993804477
2026-02-24T01:25:02 prefetch.3.2.1: 1) 'SRR1299496' was downloaded successfully
2026-02-24T01:25:02 prefetch.3.2.1: 1) Resolving 'SRR1299496's dependencies...
2026-02-24T01:25:02 prefetch.3.2.1: 'SRR1299496' has 0 unresolved dependencies
==== prefetch SRR1299090 ====
2026-02-24T01:25:03 prefetch.3.2.1: 1) Resolving 'SRR1299090'...
2026-02-24T01:25:04 prefetch.3.2.1: Current preference is set to retrieve SRA Normalized Format files with full base quality scores
2026-02-24T01:25:04 prefetch.3.2.1: 1) Downloading 'SRR1299090'...
2026-02-24T01:25:04 prefetch.3.2.1:  SRA Normalized Format file is being retrieved
2026-02-24T01:25:04 prefetch.3.2.1:  Downloading via HTTPS...
2026-02-24T01:26:30 prefetch.3.2.1:  HTTPS download succeed
2026-02-24T01:26:36 prefetch.3.2.1:  'SRR1299090' is valid: 3324353270 bytes were streamed from 3324338497
2026-02-24T01:26:36 prefetch.3.2.1: 1) 'SRR1299090' was downloaded successfully
2026-02-24T01:26:36 prefetch.3.2.1: 1) Resolving 'SRR1299090's dependencies...
2026-02-24T01:26:36 prefetch.3.2.1: 'SRR1299090' has 0 unresolved dependencies
==== prefetch SRR1299083 ====
2026-02-24T01:26:36 prefetch.3.2.1: 1) Resolving 'SRR1299083'...
2026-02-24T01:26:37 prefetch.3.2.1: Current preference is set to retrieve SRA Normalized Format files with full base quality scores
2026-02-24T01:26:37 prefetch.3.2.1: 1) Downloading 'SRR1299083'...
2026-02-24T01:26:37 prefetch.3.2.1:  SRA Normalized Format file is being retrieved
2026-02-24T01:26:37 prefetch.3.2.1:  Downloading via HTTPS...
2026-02-24T01:31:35 prefetch.3.2.1:  HTTPS download succeed
2026-02-24T01:31:51 prefetch.3.2.1:  'SRR1299083' is valid: 8673462258 bytes were streamed from 8673452496
2026-02-24T01:31:51 prefetch.3.2.1: 1) 'SRR1299083' was downloaded successfully
==== prefetch SRR1299088 ====
2026-02-24T01:31:51 prefetch.3.2.1: 1) Resolving 'SRR1299088'...
2026-02-24T01:31:52 prefetch.3.2.1: Current preference is set to retrieve SRA Normalized Format files with full base quality scores
2026-02-24T01:31:53 prefetch.3.2.1: 1) Downloading 'SRR1299088'...
2026-02-24T01:31:53 prefetch.3.2.1:  SRA Normalized Format file is being retrieved
2026-02-24T01:31:53 prefetch.3.2.1:  Downloading via HTTPS...
2026-02-24T01:45:11 prefetch.3.2.1:  HTTPS download succeed
2026-02-24T01:45:11 prefetch.3.2.1:   verifying 'SRR1299088'...
2026-02-24T01:45:56 prefetch.3.2.1:  'SRR1299088' is valid: 24741894510 bytes were streamed from 24741881399
2026-02-24T01:45:56 prefetch.3.2.1: 1) 'SRR1299088' was downloaded successfully
2026-02-24T01:45:56 prefetch.3.2.1: 1) Resolving 'SRR1299088's dependencies...
2026-02-24T01:45:57 prefetch.3.2.1: 'SRR1299088' has 0 unresolved dependencies
==== prefetch SRR1299492 ====
2026-02-24T01:45:57 prefetch.3.2.1: 1) Resolving 'SRR1299492'...
2026-02-24T01:45:58 prefetch.3.2.1: Current preference is set to retrieve SRA Normalized Format files with full base quality scores
2026-02-24T01:46:02 prefetch.3.2.1: 1) Downloading 'SRR1299492'...
2026-02-24T01:46:02 prefetch.3.2.1:  SRA Normalized Format file is being retrieved
2026-02-24T01:46:02 prefetch.3.2.1:  Downloading via HTTPS...
2026-02-24T01:59:56 prefetch.3.2.1:  HTTPS download succeed
2026-02-24T01:59:56 prefetch.3.2.1:   verifying 'SRR1299492'...
2026-02-24T02:00:56 prefetch.3.2.1:  'SRR1299492' is valid: 34323521554 bytes were streamed from 34323515463
2026-02-24T02:00:56 prefetch.3.2.1: 1) 'SRR1299492' was downloaded successfully
2026-02-24T02:00:56 prefetch.3.2.1: 1) Resolving 'SRR1299492's dependencies...
2026-02-24T02:00:56 prefetch.3.2.1: 'SRR1299492' has 0 unresolved dependencies
==== prefetch  ====
2026-02-24T02:00:56 prefetch.3.2.1 int: param empty while constructing argument list - ArgsMakeAndHandle
