IQ-TREE version 3.1.1 for Linux x86 64-bit built Apr  8 2026
Developed by Bui Quang Minh, Thomas Wong, Nhan Ly-Trong, Huaiyan Ren
Contributed by Lam-Tung Nguyen, Dominik Schrempf, Chris Bielow,
Olga Chernomor, Michael Woodhams, Diep Thi Hoang, Heiko Schmidt

Host:    roy-exec-3.discovery.wisc.edu (AVX512, FMA3, 1509 GB RAM)
Command: iqtree -s ../../results/msa_macse/reordered_cleaned_macse_nt/prx.fna --seqtype DNA -m MFP -B 1000 -alrt 1000 -T 2 --seed 12345 --verbose --prefix ../../results/coalescent_astral/gene_trees_nt/prx
Seed:    12345 (Using SPRNG - Scalable Parallel Random Number Generator)
Time:    Tue Apr 28 22:45:55 2026
Kernel:  AVX+FMA - 2 threads (112 CPU cores detected)

Reading alignment file ../../results/msa_macse/reordered_cleaned_macse_nt/prx.fna ... Fasta format detected
Reading fasta file: done in 0.031794 secs using 4.598% CPU
Name shortening took 0.000006 seconds.
Duplicate sequence name check took 0.000005 seconds.
Sequence Type detection took 0.001937 seconds.
Alignment most likely contains DNA/RNA sequences
Constructing alignment: done in 0.0105442 secs using 132.5% CPU
Time to read input file was 0.124252 sec.
Time to count constant sites was 0.000011 sec.
Alignment has 5 sequences with 14319 columns, 646 distinct patterns
2029 parsimony-informative, 4096 singleton sites, 8194 constant sites
Alignment state count time was 0.000017 seconds.
Empirical state frequencies: 0.3612212259 0.1725845548 0.2302056894 0.2359885299 
    Gap/Ambiguity  Composition  p-value
Analyzing sequences: done in 2.87858e-05 secs using 62.53% CPU
   1  Bg    6.43%    passed      9.82%
   2  Bb   61.79%    failed      0.09%
   3  Pk   62.71%    failed      0.01%
   4  Ip   15.00%    failed      1.20%
   5  Ee   17.18%    passed     22.02%
WARNING: 2 sequences contain more than 50% gaps/ambiguity
****  TOTAL   32.62%  3 sequences failed composition chi2 test (p-value<5%; df=3)
Hashing sequences took 0.000 wall-clock seconds
Checking for duplicate sequences took 0.000 wall-clock seconds
Checking for duplicate sequences: done in 3.79421e-05 secs using 63.25% CPU
Printing alignment to phylip file  took 0.001 sec

Printing alignment to phylip file  took 0.001 sec

Create initial parsimony tree by phylogenetic likelihood library (PLL)... 0.000 seconds
Parsimony of PLL Parsimony tree was 7496
Alignment state count time was 0.000 seconds.
Empirical state frequencies: 0.3612212259 0.1725845548 0.2302056894 0.2359885299 
Perform fast likelihood tree search using GTR+I+G model...
Estimate model parameters (epsilon = 5.0000000000)
1. Initial log-likelihood: -47727.9764524940 (took 0.0002156068 wall-clock sec)
Optimizing +I+G4 model parameters by EM algorithm...
Rate parameters:  A-C: 2.02886  A-G: 5.20170  A-T: 1.75144  C-G: 2.12687  C-T: 5.32261  G-T: 1.00000
Base frequencies:  A: 0.361  C: 0.173  G: 0.230  T: 0.236
Proportion of invariable sites: 0.281
Gamma shape alpha: 1.669
Optimizing +I+G4 model parameters by EM algorithm...
Rate parameters:  A-C: 1.87268  A-G: 4.60789  A-T: 1.65550  C-G: 1.91244  C-T: 4.64795  G-T: 1.00000
Base frequencies:  A: 0.361  C: 0.173  G: 0.230  T: 0.236
Proportion of invariable sites: 0.277
Gamma shape alpha: 2.682
Optimizing +I+G4 model parameters by EM algorithm...
Rate parameters:  A-C: 1.77371  A-G: 4.13420  A-T: 1.58570  C-G: 1.78575  C-T: 4.20268  G-T: 1.00000
Base frequencies:  A: 0.361  C: 0.173  G: 0.230  T: 0.236
Proportion of invariable sites: 0.273
Gamma shape alpha: 5.179
Optimizing +I+G4 model parameters by EM algorithm...
Rate parameters:  A-C: 1.69137  A-G: 3.76097  A-T: 1.52462  C-G: 1.67716  C-T: 3.81796  G-T: 1.00000
Base frequencies:  A: 0.361  C: 0.173  G: 0.230  T: 0.236
Proportion of invariable sites: 0.269
Gamma shape alpha: 16.581
Optimizing +I+G4 model parameters by EM algorithm...
Rate parameters:  A-C: 1.61534  A-G: 3.48492  A-T: 1.45576  C-G: 1.59204  C-T: 3.54164  G-T: 1.00000
Base frequencies:  A: 0.361  C: 0.173  G: 0.230  T: 0.236
Proportion of invariable sites: 0.264
Gamma shape alpha: 998.562
Optimizing +I+G4 model parameters by EM algorithm...
Rate parameters:  A-C: 1.62868  A-G: 3.46351  A-T: 1.48735  C-G: 1.60125  C-T: 3.53233  G-T: 1.00000
Base frequencies:  A: 0.361  C: 0.173  G: 0.230  T: 0.236
Proportion of invariable sites: 0.257
Gamma shape alpha: 998.562
Optimizing +I+G4 model parameters by EM algorithm...
Rate parameters:  A-C: 1.64408  A-G: 3.44141  A-T: 1.48845  C-G: 1.62117  C-T: 3.51835  G-T: 1.00000
Base frequencies:  A: 0.361  C: 0.173  G: 0.230  T: 0.236
Proportion of invariable sites: 0.251
Gamma shape alpha: 998.562
Optimal log-likelihood: -45176.783
Perform nearest neighbor interchange...
Optimizing NNI: done in 0.00178217 secs using 151.3% CPU
NOTE: Input tree is already NNI-optimal
Estimate model parameters (epsilon = 1.000)
1. Initial log-likelihood: -45176.783 (took 0.000 wall-clock sec)
Optimizing +I+G4 model parameters by EM algorithm...
Rate parameters:  A-C: 1.62289  A-G: 3.42508  A-T: 1.48935  C-G: 1.61855  C-T: 3.49680  G-T: 1.00000
Base frequencies:  A: 0.361  C: 0.173  G: 0.230  T: 0.236
Proportion of invariable sites: 0.246
Gamma shape alpha: 998.562
2. Current log-likelihood: -45174.963 (after 0.003 wall-clock sec)
Optimizing +I+G4 model parameters by EM algorithm...
Rate parameters:  A-C: 1.63794  A-G: 3.41403  A-T: 1.47581  C-G: 1.61782  C-T: 3.48620  G-T: 1.00000
Base frequencies:  A: 0.361  C: 0.173  G: 0.230  T: 0.236
Proportion of invariable sites: 0.242
Gamma shape alpha: 998.562
3. Current log-likelihood: -45173.498 (after 0.005 wall-clock sec)
Optimizing +I+G4 model parameters by EM algorithm...
Rate parameters:  A-C: 1.54346  A-G: 3.24942  A-T: 1.41205  C-G: 1.54516  C-T: 3.29337  G-T: 1.00000
Base frequencies:  A: 0.361  C: 0.173  G: 0.230  T: 0.236
Proportion of invariable sites: 0.238
Gamma shape alpha: 998.562
4. Current log-likelihood: -45172.319 (after 0.009 wall-clock sec)
Optimizing +I+G4 model parameters by EM algorithm...
Rate parameters:  A-C: 1.57468  A-G: 3.24354  A-T: 1.40760  C-G: 1.53471  C-T: 3.29857  G-T: 1.00000
Base frequencies:  A: 0.361  C: 0.173  G: 0.230  T: 0.236
Proportion of invariable sites: 0.234
Gamma shape alpha: 998.562
5. Current log-likelihood: -45171.312 (after 0.011 wall-clock sec)
Optimizing +I+G4 model parameters by EM algorithm...
Rate parameters:  A-C: 1.56694  A-G: 3.24395  A-T: 1.41399  C-G: 1.53491  C-T: 3.29983  G-T: 1.00000
Base frequencies:  A: 0.361  C: 0.173  G: 0.230  T: 0.236
Proportion of invariable sites: 0.231
Gamma shape alpha: 998.562
Optimal log-likelihood: -45170.510
Parameters optimization took 5 rounds (0.014 sec)
Time for fast ML tree search: 0.059 seconds

NOTE: ModelFinder requires 3 MB RAM!
ModelFinder will test up to 968 DNA models (sample size: 14319 epsilon: 0.100) ...
 No. Model         -LnL         df  AIC          AICc         BIC
Optimizing model JC
1. Initial log-likelihood: -46591.247 (took 0.000 wall-clock sec)
Optimal log-likelihood: -46429.886
  1  JC            46429.886    7   92873.772    92873.780    92926.757
Optimizing model JC+I
1. Initial log-likelihood: -46482.081 (took 0.000 wall-clock sec)
Rate parameters:  A-C: 1.00000  A-G: 1.00000  A-T: 1.00000  C-G: 1.00000  C-T: 1.00000  G-T: 1.00000
Base frequencies:  A: 0.250  C: 0.250  G: 0.250  T: 0.250
Proportion of invariable sites: 0.198
Rate parameters:  A-C: 1.00000  A-G: 1.00000  A-T: 1.00000  C-G: 1.00000  C-T: 1.00000  G-T: 1.00000
Base frequencies:  A: 0.250  C: 0.250  G: 0.250  T: 0.250
Proportion of invariable sites: 0.174
Rate parameters:  A-C: 1.00000  A-G: 1.00000  A-T: 1.00000  C-G: 1.00000  C-T: 1.00000  G-T: 1.00000
Base frequencies:  A: 0.250  C: 0.250  G: 0.250  T: 0.250
Proportion of invariable sites: 0.168
Rate parameters:  A-C: 1.00000  A-G: 1.00000  A-T: 1.00000  C-G: 1.00000  C-T: 1.00000  G-T: 1.00000
Base frequencies:  A: 0.250  C: 0.250  G: 0.250  T: 0.250
Proportion of invariable sites: 0.166
Optimal log-likelihood: -46379.556
  2  JC+I          46379.556    8   92775.113    92775.123    92835.667
Optimizing model JC+G4
1. Initial log-likelihood: -46479.269 (took 0.000 wall-clock sec)
Rate parameters:  A-C: 1.00000  A-G: 1.00000  A-T: 1.00000  C-G: 1.00000  C-T: 1.00000  G-T: 1.00000
Base frequencies:  A: 0.250  C: 0.250  G: 0.250  T: 0.250
Gamma shape alpha: 1.243
Rate parameters:  A-C: 1.00000  A-G: 1.00000  A-T: 1.00000  C-G: 1.00000  C-T: 1.00000  G-T: 1.00000
Base frequencies:  A: 0.250  C: 0.250  G: 0.250  T: 0.250
Gamma shape alpha: 1.494
Rate parameters:  A-C: 1.00000  A-G: 1.00000  A-T: 1.00000  C-G: 1.00000  C-T: 1.00000  G-T: 1.00000
Base frequencies:  A: 0.250  C: 0.250  G: 0.250  T: 0.250
Gamma shape alpha: 1.709
Rate parameters:  A-C: 1.00000  A-G: 1.00000  A-T: 1.00000  C-G: 1.00000  C-T: 1.00000  G-T: 1.00000
Base frequencies:  A: 0.250  C: 0.250  G: 0.250  T: 0.250
Gamma shape alpha: 1.864
Rate parameters:  A-C: 1.00000  A-G: 1.00000  A-T: 1.00000  C-G: 1.00000  C-T: 1.00000  G-T: 1.00000
Base frequencies:  A: 0.250  C: 0.250  G: 0.250  T: 0.250
Gamma shape alpha: 1.966
Rate parameters:  A-C: 1.00000  A-G: 1.00000  A-T: 1.00000  C-G: 1.00000  C-T: 1.00000  G-T: 1.00000
Base frequencies:  A: 0.250  C: 0.250  G: 0.250  T: 0.250
Gamma shape alpha: 2.027
Rate parameters:  A-C: 1.00000  A-G: 1.00000  A-T: 1.00000  C-G: 1.00000  C-T: 1.00000  G-T: 1.00000
Base frequencies:  A: 0.250  C: 0.250  G: 0.250  T: 0.250
Gamma shape alpha: 2.060
Optimal log-likelihood: -46381.215
  3  JC+G4         46381.215    8   92778.429    92778.439    92838.984
Optimizing model JC+I+G4
1. Initial log-likelihood: -46394.030 (took 0.000 wall-clock sec)
Optimizing +I+G4 model parameters by EM algorithm...
Rate parameters:  A-C: 1.00000  A-G: 1.00000  A-T: 1.00000  C-G: 1.00000  C-T: 1.00000  G-T: 1.00000
Base frequencies:  A: 0.250  C: 0.250  G: 0.250  T: 0.250
Proportion of invariable sites: 0.226
Gamma shape alpha: 998.562
Optimizing +I+G4 model parameters by EM algorithm...
Rate parameters:  A-C: 1.00000  A-G: 1.00000  A-T: 1.00000  C-G: 1.00000  C-T: 1.00000  G-T: 1.00000
Base frequencies:  A: 0.250  C: 0.250  G: 0.250  T: 0.250
Proportion of invariable sites: 0.221
Gamma shape alpha: 998.562
Optimizing +I+G4 model parameters by EM algorithm...
Rate parameters:  A-C: 1.00000  A-G: 1.00000  A-T: 1.00000  C-G: 1.00000  C-T: 1.00000  G-T: 1.00000
Base frequencies:  A: 0.250  C: 0.250  G: 0.250  T: 0.250
Proportion of invariable sites: 0.217
Gamma shape alpha: 998.562
Optimizing +I+G4 model parameters by EM algorithm...
Rate parameters:  A-C: 1.00000  A-G: 1.00000  A-T: 1.00000  C-G: 1.00000  C-T: 1.00000  G-T: 1.00000
Base frequencies:  A: 0.250  C: 0.250  G: 0.250  T: 0.250
Proportion of invariable sites: 0.213
Gamma shape alpha: 998.562
Optimizing +I+G4 model parameters by EM algorithm...
Rate parameters:  A-C: 1.00000  A-G: 1.00000  A-T: 1.00000  C-G: 1.00000  C-T: 1.00000  G-T: 1.00000
Base frequencies:  A: 0.250  C: 0.250  G: 0.250  T: 0.250
Proportion of invariable sites: 0.209
Gamma shape alpha: 998.562
Optimizing +I+G4 model parameters by EM algorithm...
Rate parameters:  A-C: 1.00000  A-G: 1.00000  A-T: 1.00000  C-G: 1.00000  C-T: 1.00000  G-T: 1.00000
Base frequencies:  A: 0.250  C: 0.250  G: 0.250  T: 0.250
Proportion of invariable sites: 0.206
Gamma shape alpha: 998.562
Optimizing +I+G4 model parameters by EM algorithm...
Rate parameters:  A-C: 1.00000  A-G: 1.00000  A-T: 1.00000  C-G: 1.00000  C-T: 1.00000  G-T: 1.00000
Base frequencies:  A: 0.250  C: 0.250  G: 0.250  T: 0.250
Proportion of invariable sites: 0.203
Gamma shape alpha: 998.562
Optimizing +I+G4 model parameters by EM algorithm...
Rate parameters:  A-C: 1.00000  A-G: 1.00000  A-T: 1.00000  C-G: 1.00000  C-T: 1.00000  G-T: 1.00000
Base frequencies:  A: 0.250  C: 0.250  G: 0.250  T: 0.250
Proportion of invariable sites: 0.201
Gamma shape alpha: 998.562
Optimizing +I+G4 model parameters by EM algorithm...
Rate parameters:  A-C: 1.00000  A-G: 1.00000  A-T: 1.00000  C-G: 1.00000  C-T: 1.00000  G-T: 1.00000
Base frequencies:  A: 0.250  C: 0.250  G: 0.250  T: 0.250
Proportion of invariable sites: 0.198
Gamma shape alpha: 998.562
Optimizing +I+G4 model parameters by EM algorithm...
Rate parameters:  A-C: 1.00000  A-G: 1.00000  A-T: 1.00000  C-G: 1.00000  C-T: 1.00000  G-T: 1.00000
Base frequencies:  A: 0.250  C: 0.250  G: 0.250  T: 0.250
Proportion of invariable sites: 0.196
Gamma shape alpha: 998.562
Optimizing +I+G4 model parameters by EM algorithm...
Rate parameters:  A-C: 1.00000  A-G: 1.00000  A-T: 1.00000  C-G: 1.00000  C-T: 1.00000  G-T: 1.00000
Base frequencies:  A: 0.250  C: 0.250  G: 0.250  T: 0.250
Proportion of invariable sites: 0.194
Gamma shape alpha: 998.562
Optimizing +I+G4 model parameters by EM algorithm...
Rate parameters:  A-C: 1.00000  A-G: 1.00000  A-T: 1.00000  C-G: 1.00000  C-T: 1.00000  G-T: 1.00000
Base frequencies:  A: 0.250  C: 0.250  G: 0.250  T: 0.250
Proportion of invariable sites: 0.192
Gamma shape alpha: 998.562
Optimizing +I+G4 model parameters by EM algorithm...
Rate parameters:  A-C: 1.00000  A-G: 1.00000  A-T: 1.00000  C-G: 1.00000  C-T: 1.00000  G-T: 1.00000
Base frequencies:  A: 0.250  C: 0.250  G: 0.250  T: 0.250
Proportion of invariable sites: 0.191
Gamma shape alpha: 998.562
Optimizing +I+G4 model parameters by EM algorithm...
Rate parameters:  A-C: 1.00000  A-G: 1.00000  A-T: 1.00000  C-G: 1.00000  C-T: 1.00000  G-T: 1.00000
Base frequencies:  A: 0.250  C: 0.250  G: 0.250  T: 0.250
Proportion of invariable sites: 0.189
Gamma shape alpha: 998.562
Optimizing +I+G4 model parameters by EM algorithm...
Rate parameters:  A-C: 1.00000  A-G: 1.00000  A-T: 1.00000  C-G: 1.00000  C-T: 1.00000  G-T: 1.00000
Base frequencies:  A: 0.250  C: 0.250  G: 0.250  T: 0.250
Proportion of invariable sites: 0.187
Gamma shape alpha: 998.562
Optimizing +I+G4 model parameters by EM algorithm...
Rate parameters:  A-C: 1.00000  A-G: 1.00000  A-T: 1.00000  C-G: 1.00000  C-T: 1.00000  G-T: 1.00000
Base frequencies:  A: 0.250  C: 0.250  G: 0.250  T: 0.250
Proportion of invariable sites: 0.186
Gamma shape alpha: 998.562
Optimizing +I+G4 model parameters by EM algorithm...
Rate parameters:  A-C: 1.00000  A-G: 1.00000  A-T: 1.00000  C-G: 1.00000  C-T: 1.00000  G-T: 1.00000
Base frequencies:  A: 0.250  C: 0.250  G: 0.250  T: 0.250
Proportion of invariable sites: 0.185
Gamma shape alpha: 998.562
Optimizing +I+G4 model parameters by EM algorithm...
Rate parameters:  A-C: 1.00000  A-G: 1.00000  A-T: 1.00000  C-G: 1.00000  C-T: 1.00000  G-T: 1.00000
Base frequencies:  A: 0.250  C: 0.250  G: 0.250  T: 0.250
Proportion of invariable sites: 0.184
Gamma shape alpha: 998.562
Optimizing +I+G4 model parameters by EM algorithm...
Rate parameters:  A-C: 1.00000  A-G: 1.00000  A-T: 1.00000  C-G: 1.00000  C-T: 1.00000  G-T: 1.00000
Base frequencies:  A: 0.250  C: 0.250  G: 0.250  T: 0.250
Proportion of invariable sites: 0.183
Gamma shape alpha: 998.562
Optimizing +I+G4 model parameters by EM algorithm...
Rate parameters:  A-C: 1.00000  A-G: 1.00000  A-T: 1.00000  C-G: 1.00000  C-T: 1.00000  G-T: 1.00000
Base frequencies:  A: 0.250  C: 0.250  G: 0.250  T: 0.250
Proportion of invariable sites: 0.182
Gamma shape alpha: 998.562
Optimal log-likelihood: -46380.302
  4  JC+I+G4       46380.302    9   92778.604    92778.617    92846.728
Initialised +R2 from Gamma 2.060
Optimizing model JC+R2
1. Initial log-likelihood: -46383.237 (took 0.000 wall-clock sec)
Optimizing +R2 model parameters by 2-BFGS,EM algorithm...
Rate parameters:  A-C: 1.00000  A-G: 1.00000  A-T: 1.00000  C-G: 1.00000  C-T: 1.00000  G-T: 1.00000
Base frequencies:  A: 0.250  C: 0.250  G: 0.250  T: 0.250
Site proportion and rates:  (0.500,0.470) (0.500,1.536)
Optimizing +R2 model parameters by 2-BFGS,EM algorithm...
Rate parameters:  A-C: 1.00000  A-G: 1.00000  A-T: 1.00000  C-G: 1.00000  C-T: 1.00000  G-T: 1.00000
Base frequencies:  A: 0.250  C: 0.250  G: 0.250  T: 0.250
Site proportion and rates:  (0.500,0.461) (0.500,1.551)
Optimizing +R2 model parameters by 2-BFGS,EM algorithm...
Rate parameters:  A-C: 1.00000  A-G: 1.00000  A-T: 1.00000  C-G: 1.00000  C-T: 1.00000  G-T: 1.00000
Base frequencies:  A: 0.250  C: 0.250  G: 0.250  T: 0.250
Site proportion and rates:  (0.500,0.455) (0.500,1.562)
Optimizing +R2 model parameters by 2-BFGS,EM algorithm...
Rate parameters:  A-C: 1.00000  A-G: 1.00000  A-T: 1.00000  C-G: 1.00000  C-T: 1.00000  G-T: 1.00000
Base frequencies:  A: 0.250  C: 0.250  G: 0.250  T: 0.250
Site proportion and rates:  (0.500,0.449) (0.500,1.572)
Optimizing +R2 model parameters by 2-BFGS,EM algorithm...
Rate parameters:  A-C: 1.00000  A-G: 1.00000  A-T: 1.00000  C-G: 1.00000  C-T: 1.00000  G-T: 1.00000
Base frequencies:  A: 0.250  C: 0.250  G: 0.250  T: 0.250
Site proportion and rates:  (0.500,0.445) (0.500,1.579)
Optimizing +R2 model parameters by 2-BFGS,EM algorithm...
Rate parameters:  A-C: 1.00000  A-G: 1.00000  A-T: 1.00000  C-G: 1.00000  C-T: 1.00000  G-T: 1.00000
Base frequencies:  A: 0.250  C: 0.250  G: 0.250  T: 0.250
Site proportion and rates:  (0.500,0.441) (0.500,1.584)
Optimal log-likelihood: -46380.713
  5  JC+R2         46380.713    9   92779.427    92779.439    92847.551
Initialised +R3 from Gamma 2.060
Optimizing model JC+R3
Initialised +R3 from +R2
+R3 initialized from +R2
1. Initial log-likelihood: -46392.488 (took 0.000 wall-clock sec)
Optimizing +R3 model parameters by 2-BFGS,EM algorithm...
Rate parameters:  A-C: 1.00000  A-G: 1.00000  A-T: 1.00000  C-G: 1.00000  C-T: 1.00000  G-T: 1.00000
Base frequencies:  A: 0.250  C: 0.250  G: 0.250  T: 0.250
Site proportion and rates:  (0.335,0.409) (0.332,1.003) (0.333,1.619)
Optimizing +R3 model parameters by 2-BFGS,EM algorithm...
Rate parameters:  A-C: 1.00000  A-G: 1.00000  A-T: 1.00000  C-G: 1.00000  C-T: 1.00000  G-T: 1.00000
Base frequencies:  A: 0.250  C: 0.250  G: 0.250  T: 0.250
Site proportion and rates:  (0.336,0.388) (0.331,1.006) (0.333,1.662)
Optimizing +R3 model parameters by 2-BFGS,EM algorithm...
Rate parameters:  A-C: 1.00000  A-G: 1.00000  A-T: 1.00000  C-G: 1.00000  C-T: 1.00000  G-T: 1.00000
Base frequencies:  A: 0.250  C: 0.250  G: 0.250  T: 0.250
Site proportion and rates:  (0.337,0.372) (0.330,1.009) (0.333,1.695)
Optimizing +R3 model parameters by 2-BFGS,EM algorithm...
Rate parameters:  A-C: 1.00000  A-G: 1.00000  A-T: 1.00000  C-G: 1.00000  C-T: 1.00000  G-T: 1.00000
Base frequencies:  A: 0.250  C: 0.250  G: 0.250  T: 0.250
Site proportion and rates:  (0.338,0.360) (0.329,1.013) (0.333,1.718)
Optimizing +R3 model parameters by 2-BFGS,EM algorithm...
Rate parameters:  A-C: 1.00000  A-G: 1.00000  A-T: 1.00000  C-G: 1.00000  C-T: 1.00000  G-T: 1.00000
Base frequencies:  A: 0.250  C: 0.250  G: 0.250  T: 0.250
Site proportion and rates:  (0.338,0.350) (0.328,1.018) (0.334,1.734)
Optimizing +R3 model parameters by 2-BFGS,EM algorithm...
Rate parameters:  A-C: 1.00000  A-G: 1.00000  A-T: 1.00000  C-G: 1.00000  C-T: 1.00000  G-T: 1.00000
Base frequencies:  A: 0.250  C: 0.250  G: 0.250  T: 0.250
Site proportion and rates:  (0.339,0.343) (0.328,1.023) (0.334,1.744)
Optimizing +R3 model parameters by 2-BFGS,EM algorithm...
Rate parameters:  A-C: 1.00000  A-G: 1.00000  A-T: 1.00000  C-G: 1.00000  C-T: 1.00000  G-T: 1.00000
Base frequencies:  A: 0.250  C: 0.250  G: 0.250  T: 0.250
Site proportion and rates:  (0.339,0.338) (0.327,1.028) (0.334,1.751)
Optimizing +R3 model parameters by 2-BFGS,EM algorithm...
Rate parameters:  A-C: 1.00000  A-G: 1.00000  A-T: 1.00000  C-G: 1.00000  C-T: 1.00000  G-T: 1.00000
Base frequencies:  A: 0.250  C: 0.250  G: 0.250  T: 0.250
Site proportion and rates:  (0.339,0.334) (0.327,1.032) (0.334,1.756)
Optimal log-likelihood: -46380.272
  6  JC+R3         46380.272    11  92782.543    92782.562    92865.806
Initialised +R2 from Gamma 2.060
Optimizing model JC+I+R2
1. Initial log-likelihood: -46568.612 (took 0.000 wall-clock sec)
Optimizing +I+R2 model parameters by 2-BFGS,EM algorithm...
Rate parameters:  A-C: 1.00000  A-G: 1.00000  A-T: 1.00000  C-G: 1.00000  C-T: 1.00000  G-T: 1.00000
Base frequencies:  A: 0.250  C: 0.250  G: 0.250  T: 0.250
Proportion of invariable sites: 0.258
Site proportion and rates:  (0.373,0.737) (0.370,1.899)
Optimizing +I+R2 model parameters by 2-BFGS,EM algorithm...
Rate parameters:  A-C: 1.00000  A-G: 1.00000  A-T: 1.00000  C-G: 1.00000  C-T: 1.00000  G-T: 1.00000
Base frequencies:  A: 0.250  C: 0.250  G: 0.250  T: 0.250
Proportion of invariable sites: 0.237
Site proportion and rates:  (0.384,0.784) (0.379,1.750)
Optimizing +I+R2 model parameters by 2-BFGS,EM algorithm...
Rate parameters:  A-C: 1.00000  A-G: 1.00000  A-T: 1.00000  C-G: 1.00000  C-T: 1.00000  G-T: 1.00000
Base frequencies:  A: 0.250  C: 0.250  G: 0.250  T: 0.250
Proportion of invariable sites: 0.222
Site proportion and rates:  (0.392,0.818) (0.385,1.653)
Optimizing +I+R2 model parameters by 2-BFGS,EM algorithm...
Rate parameters:  A-C: 1.00000  A-G: 1.00000  A-T: 1.00000  C-G: 1.00000  C-T: 1.00000  G-T: 1.00000
Base frequencies:  A: 0.250  C: 0.250  G: 0.250  T: 0.250
Proportion of invariable sites: 0.211
Site proportion and rates:  (0.399,0.842) (0.390,1.586)
Optimizing +I+R2 model parameters by 2-BFGS,EM algorithm...
Rate parameters:  A-C: 1.00000  A-G: 1.00000  A-T: 1.00000  C-G: 1.00000  C-T: 1.00000  G-T: 1.00000
Base frequencies:  A: 0.250  C: 0.250  G: 0.250  T: 0.250
Proportion of invariable sites: 0.202
Site proportion and rates:  (0.403,0.861) (0.394,1.538)
Optimizing +I+R2 model parameters by 2-BFGS,EM algorithm...
Rate parameters:  A-C: 1.00000  A-G: 1.00000  A-T: 1.00000  C-G: 1.00000  C-T: 1.00000  G-T: 1.00000
Base frequencies:  A: 0.250  C: 0.250  G: 0.250  T: 0.250
Proportion of invariable sites: 0.196
Site proportion and rates:  (0.407,0.876) (0.397,1.501)
Optimizing +I+R2 model parameters by 2-BFGS,EM algorithm...
Rate parameters:  A-C: 1.00000  A-G: 1.00000  A-T: 1.00000  C-G: 1.00000  C-T: 1.00000  G-T: 1.00000
Base frequencies:  A: 0.250  C: 0.250  G: 0.250  T: 0.250
Proportion of invariable sites: 0.190
Site proportion and rates:  (0.410,0.887) (0.400,1.474)
Optimizing +I+R2 model parameters by 2-BFGS,EM algorithm...
Rate parameters:  A-C: 1.00000  A-G: 1.00000  A-T: 1.00000  C-G: 1.00000  C-T: 1.00000  G-T: 1.00000
Base frequencies:  A: 0.250  C: 0.250  G: 0.250  T: 0.250
Proportion of invariable sites: 0.185
Site proportion and rates:  (0.413,0.897) (0.402,1.451)
Optimizing +I+R2 model parameters by 2-BFGS,EM algorithm...
Rate parameters:  A-C: 1.00000  A-G: 1.00000  A-T: 1.00000  C-G: 1.00000  C-T: 1.00000  G-T: 1.00000
Base frequencies:  A: 0.250  C: 0.250  G: 0.250  T: 0.250
Proportion of invariable sites: 0.181
Site proportion and rates:  (0.415,0.905) (0.404,1.433)
Optimizing +I+R2 model parameters by 2-BFGS,EM algorithm...
Rate parameters:  A-C: 1.00000  A-G: 1.00000  A-T: 1.00000  C-G: 1.00000  C-T: 1.00000  G-T: 1.00000
Base frequencies:  A: 0.250  C: 0.250  G: 0.250  T: 0.250
Proportion of invariable sites: 0.178
Site proportion and rates:  (0.417,0.911) (0.405,1.418)
Optimizing +I+R2 model parameters by 2-BFGS,EM algorithm...
Rate parameters:  A-C: 1.00000  A-G: 1.00000  A-T: 1.00000  C-G: 1.00000  C-T: 1.00000  G-T: 1.00000
Base frequencies:  A: 0.250  C: 0.250  G: 0.250  T: 0.250
Proportion of invariable sites: 0.175
Site proportion and rates:  (0.418,0.917) (0.407,1.405)
Optimizing +I+R2 model parameters by 2-BFGS,EM algorithm...
Rate parameters:  A-C: 1.00000  A-G: 1.00000  A-T: 1.00000  C-G: 1.00000  C-T: 1.00000  G-T: 1.00000
Base frequencies:  A: 0.250  C: 0.250  G: 0.250  T: 0.250
Proportion of invariable sites: 0.173
Site proportion and rates:  (0.419,0.922) (0.408,1.395)
Optimizing +I+R2 model parameters by 2-BFGS,EM algorithm...
Rate parameters:  A-C: 1.00000  A-G: 1.00000  A-T: 1.00000  C-G: 1.00000  C-T: 1.00000  G-T: 1.00000
Base frequencies:  A: 0.250  C: 0.250  G: 0.250  T: 0.250
Proportion of invariable sites: 0.171
Site proportion and rates:  (0.420,0.926) (0.409,1.386)
Optimizing +I+R2 model parameters by 2-BFGS,EM algorithm...
Rate parameters:  A-C: 1.00000  A-G: 1.00000  A-T: 1.00000  C-G: 1.00000  C-T: 1.00000  G-T: 1.00000
Base frequencies:  A: 0.250  C: 0.250  G: 0.250  T: 0.250
Proportion of invariable sites: 0.169
Site proportion and rates:  (0.421,0.929) (0.410,1.378)
Optimizing +I+R2 model parameters by 2-BFGS,EM algorithm...
Rate parameters:  A-C: 1.00000  A-G: 1.00000  A-T: 1.00000  C-G: 1.00000  C-T: 1.00000  G-T: 1.00000
Base frequencies:  A: 0.250  C: 0.250  G: 0.250  T: 0.250
Proportion of invariable sites: 0.168
Site proportion and rates:  (0.422,0.932) (0.410,1.371)
Optimizing +I+R2 model parameters by 2-BFGS,EM algorithm...
Rate parameters:  A-C: 1.00000  A-G: 1.00000  A-T: 1.00000  C-G: 1.00000  C-T: 1.00000  G-T: 1.00000
Base frequencies:  A: 0.250  C: 0.250  G: 0.250  T: 0.250
Proportion of invariable sites: 0.166
Site proportion and rates:  (0.423,0.934) (0.411,1.365)
Optimizing +I+R2 model parameters by 2-BFGS,EM algorithm...
Rate parameters:  A-C: 1.00000  A-G: 1.00000  A-T: 1.00000  C-G: 1.00000  C-T: 1.00000  G-T: 1.00000
Base frequencies:  A: 0.250  C: 0.250  G: 0.250  T: 0.250
Proportion of invariable sites: 0.165
Site proportion and rates:  (0.424,0.936) (0.411,1.360)
Optimal log-likelihood: -46379.754
 14  JC+I+R2       46379.754    10  92779.508    92779.523    92855.201
Initialised +R3 from Gamma 2.060
Optimizing model JC+I+R3
Initialised +R3 from +R2
+I+R3 initialized from +I+R2
1. Initial log-likelihood: -46379.646 (took 0.000 wall-clock sec)
Optimizing +I+R3 model parameters by 2-BFGS,EM algorithm...
Rate parameters:  A-C: 1.00000  A-G: 1.00000  A-T: 1.00000  C-G: 1.00000  C-T: 1.00000  G-T: 1.00000
Base frequencies:  A: 0.250  C: 0.250  G: 0.250  T: 0.250
Proportion of invariable sites: 0.164
Site proportion and rates:  (0.283,0.980) (0.279,1.196) (0.275,1.419)
Optimal log-likelihood: -46379.559
 15  JC+I+R3       46379.559    12  92783.118    92783.139    92873.950
 24  JC+I          46379.556    8   92775.113    92775.123    92835.667
 25  JC+G4         46381.215    8   92778.429    92778.439    92838.984
Optimizing model F81+I
1. Initial log-likelihood: -46379.689 (took 0.000 wall-clock sec)
Rate parameters:  A-C: 1.00000  A-G: 1.00000  A-T: 1.00000  C-G: 1.00000  C-T: 1.00000  G-T: 1.00000
Base frequencies:  A: 0.250  C: 0.250  G: 0.250  T: 0.250
Proportion of invariable sites: 0.165
Rate parameters:  A-C: 1.00000  A-G: 1.00000  A-T: 1.00000  C-G: 1.00000  C-T: 1.00000  G-T: 1.00000
Base frequencies:  A: 0.250  C: 0.250  G: 0.250  T: 0.250
Proportion of invariable sites: 0.165
Optimal log-likelihood: -46379.555
 46  F81+I         46379.555    8   92775.109    92775.119    92835.664
Optimizing model F81+G4
1. Initial log-likelihood: -46386.329 (took 0.000 wall-clock sec)
Rate parameters:  A-C: 1.00000  A-G: 1.00000  A-T: 1.00000  C-G: 1.00000  C-T: 1.00000  G-T: 1.00000
Base frequencies:  A: 0.250  C: 0.250  G: 0.250  T: 0.250
Gamma shape alpha: 2.060
Rate parameters:  A-C: 1.00000  A-G: 1.00000  A-T: 1.00000  C-G: 1.00000  C-T: 1.00000  G-T: 1.00000
Base frequencies:  A: 0.250  C: 0.250  G: 0.250  T: 0.250
Gamma shape alpha: 2.068
Optimal log-likelihood: -46381.216
 47  F81+G4        46381.216    8   92778.431    92778.441    92838.986
Alignment state count time was 0.000 seconds.
Empirical state frequencies: 0.3612212259 0.1725845548 0.2302056894 0.2359885299 
Optimizing model F81+F+I
1. Initial log-likelihood: -45550.4437626632 (took 0.0000554603 wall-clock sec)
Rate parameters:  A-C: 1.00000  A-G: 1.00000  A-T: 1.00000  C-G: 1.00000  C-T: 1.00000  G-T: 1.00000
Base frequencies:  A: 0.361  C: 0.173  G: 0.230  T: 0.236
Proportion of invariable sites: 0.178
Rate parameters:  A-C: 1.00000  A-G: 1.00000  A-T: 1.00000  C-G: 1.00000  C-T: 1.00000  G-T: 1.00000
Base frequencies:  A: 0.361  C: 0.173  G: 0.230  T: 0.236
Proportion of invariable sites: 0.182
Rate parameters:  A-C: 1.00000  A-G: 1.00000  A-T: 1.00000  C-G: 1.00000  C-T: 1.00000  G-T: 1.00000
Base frequencies:  A: 0.361  C: 0.173  G: 0.230  T: 0.236
Proportion of invariable sites: 0.183
Optimal log-likelihood: -45547.465
 68  F81+F+I       45547.465    11  91116.931    91116.949    91200.194
Alignment state count time was 0.000 seconds.
Empirical state frequencies: 0.3612212259 0.1725845548 0.2302056894 0.2359885299 
Optimizing model F81+F+G4
1. Initial log-likelihood: -45554.9342778392 (took 0.0001341249 wall-clock sec)
Rate parameters:  A-C: 1.00000  A-G: 1.00000  A-T: 1.00000  C-G: 1.00000  C-T: 1.00000  G-T: 1.00000
Base frequencies:  A: 0.361  C: 0.173  G: 0.230  T: 0.236
Gamma shape alpha: 1.910
Rate parameters:  A-C: 1.00000  A-G: 1.00000  A-T: 1.00000  C-G: 1.00000  C-T: 1.00000  G-T: 1.00000
Base frequencies:  A: 0.361  C: 0.173  G: 0.230  T: 0.236
Gamma shape alpha: 1.836
Rate parameters:  A-C: 1.00000  A-G: 1.00000  A-T: 1.00000  C-G: 1.00000  C-T: 1.00000  G-T: 1.00000
Base frequencies:  A: 0.361  C: 0.173  G: 0.230  T: 0.236
Gamma shape alpha: 1.796
Rate parameters:  A-C: 1.00000  A-G: 1.00000  A-T: 1.00000  C-G: 1.00000  C-T: 1.00000  G-T: 1.00000
Base frequencies:  A: 0.361  C: 0.173  G: 0.230  T: 0.236
Gamma shape alpha: 1.775
Optimal log-likelihood: -45551.261
 69  F81+F+G4      45551.261    11  91124.523    91124.541    91207.786
Optimizing model K2P+I
1. Initial log-likelihood: -46399.743 (took 0.000 wall-clock sec)
Rate parameters:  A-C: 1.00000  A-G: 2.28580  A-T: 1.00000  C-G: 1.00000  C-T: 2.28580  G-T: 1.00000
Base frequencies:  A: 0.250  C: 0.250  G: 0.250  T: 0.250
Proportion of invariable sites: 0.169
Rate parameters:  A-C: 1.00000  A-G: 2.32327  A-T: 1.00000  C-G: 1.00000  C-T: 2.32327  G-T: 1.00000
Base frequencies:  A: 0.250  C: 0.250  G: 0.250  T: 0.250
Proportion of invariable sites: 0.184
Rate parameters:  A-C: 1.00000  A-G: 2.34274  A-T: 1.00000  C-G: 1.00000  C-T: 2.34274  G-T: 1.00000
Base frequencies:  A: 0.250  C: 0.250  G: 0.250  T: 0.250
Proportion of invariable sites: 0.188
Rate parameters:  A-C: 1.00000  A-G: 2.34939  A-T: 1.00000  C-G: 1.00000  C-T: 2.34939  G-T: 1.00000
Base frequencies:  A: 0.250  C: 0.250  G: 0.250  T: 0.250
Proportion of invariable sites: 0.190
Optimal log-likelihood: -45993.510
 90  K2P+I         45993.510    9   92005.019    92005.032    92073.143
Optimizing model K2P+G4
1. Initial log-likelihood: -46382.359 (took 0.000 wall-clock sec)
Rate parameters:  A-C: 1.00000  A-G: 2.32125  A-T: 1.00000  C-G: 1.00000  C-T: 2.32125  G-T: 1.00000
Base frequencies:  A: 0.250  C: 0.250  G: 0.250  T: 0.250
Gamma shape alpha: 2.080
Rate parameters:  A-C: 1.00000  A-G: 2.34378  A-T: 1.00000  C-G: 1.00000  C-T: 2.34378  G-T: 1.00000
Base frequencies:  A: 0.250  C: 0.250  G: 0.250  T: 0.250
Gamma shape alpha: 1.892
Rate parameters:  A-C: 1.00000  A-G: 2.36272  A-T: 1.00000  C-G: 1.00000  C-T: 2.36272  G-T: 1.00000
Base frequencies:  A: 0.250  C: 0.250  G: 0.250  T: 0.250
Gamma shape alpha: 1.800
Rate parameters:  A-C: 1.00000  A-G: 2.37381  A-T: 1.00000  C-G: 1.00000  C-T: 2.37381  G-T: 1.00000
Base frequencies:  A: 0.250  C: 0.250  G: 0.250  T: 0.250
Gamma shape alpha: 1.750
Rate parameters:  A-C: 1.00000  A-G: 2.38025  A-T: 1.00000  C-G: 1.00000  C-T: 2.38025  G-T: 1.00000
Base frequencies:  A: 0.250  C: 0.250  G: 0.250  T: 0.250
Gamma shape alpha: 1.722
Optimal log-likelihood: -45994.566
 91  K2P+G4        45994.566    9   92007.131    92007.144    92075.255
112  K2P+I         45993.510    9   92005.019    92005.032    92073.143
113  K2P+G4        45994.566    9   92007.131    92007.144    92075.255
Optimizing model HKY+I
1. Initial log-likelihood: -45999.950 (took 0.000 wall-clock sec)
Rate parameters:  A-C: 1.00000  A-G: 2.35139  A-T: 1.00000  C-G: 1.00000  C-T: 2.35139  G-T: 1.00000
Base frequencies:  A: 0.250  C: 0.250  G: 0.250  T: 0.250
Proportion of invariable sites: 0.189
Rate parameters:  A-C: 1.00000  A-G: 2.35070  A-T: 1.00000  C-G: 1.00000  C-T: 2.35070  G-T: 1.00000
Base frequencies:  A: 0.250  C: 0.250  G: 0.250  T: 0.250
Proportion of invariable sites: 0.190
Optimal log-likelihood: -45993.521
134  HKY+I         45993.521    9   92005.043    92005.056    92073.167
Optimizing model HKY+G4
1. Initial log-likelihood: -46000.869 (took 0.000 wall-clock sec)
Rate parameters:  A-C: 1.00000  A-G: 2.38524  A-T: 1.00000  C-G: 1.00000  C-T: 2.38524  G-T: 1.00000
Base frequencies:  A: 0.250  C: 0.250  G: 0.250  T: 0.250
Gamma shape alpha: 1.697
Rate parameters:  A-C: 1.00000  A-G: 2.38820  A-T: 1.00000  C-G: 1.00000  C-T: 2.38820  G-T: 1.00000
Base frequencies:  A: 0.250  C: 0.250  G: 0.250  T: 0.250
Gamma shape alpha: 1.686
Optimal log-likelihood: -45994.545
135  HKY+G4        45994.545    9   92007.090    92007.103    92075.214
Alignment state count time was 0.000 seconds.
Empirical state frequencies: 0.3612212259 0.1725845548 0.2302056894 0.2359885299 
Optimizing model HKY+F+I
1. Initial log-likelihood: -45559.0344784422 (took 0.0000596060 wall-clock sec)
Rate parameters:  A-C: 1.00000  A-G: 2.25782  A-T: 1.00000  C-G: 1.00000  C-T: 2.25782  G-T: 1.00000
Base frequencies:  A: 0.361  C: 0.173  G: 0.230  T: 0.236
Proportion of invariable sites: 0.183
Rate parameters:  A-C: 1.00000  A-G: 2.29698  A-T: 1.00000  C-G: 1.00000  C-T: 2.29698  G-T: 1.00000
Base frequencies:  A: 0.361  C: 0.173  G: 0.230  T: 0.236
Proportion of invariable sites: 0.196
Rate parameters:  A-C: 1.00000  A-G: 2.31609  A-T: 1.00000  C-G: 1.00000  C-T: 2.31609  G-T: 1.00000
Base frequencies:  A: 0.361  C: 0.173  G: 0.230  T: 0.236
Proportion of invariable sites: 0.200
Rate parameters:  A-C: 1.00000  A-G: 2.32274  A-T: 1.00000  C-G: 1.00000  C-T: 2.32274  G-T: 1.00000
Base frequencies:  A: 0.361  C: 0.173  G: 0.230  T: 0.236
Proportion of invariable sites: 0.201
Optimal log-likelihood: -45187.779
156  HKY+F+I       45187.779    12  90399.558    90399.579    90490.390
Alignment state count time was 0.000 seconds.
Empirical state frequencies: 0.3612212259 0.1725845548 0.2302056894 0.2359885299 
Optimizing model HKY+F+G4
1. Initial log-likelihood: -45552.5397209224 (took 0.0001588203 wall-clock sec)
Rate parameters:  A-C: 1.00000  A-G: 2.29094  A-T: 1.00000  C-G: 1.00000  C-T: 2.29094  G-T: 1.00000
Base frequencies:  A: 0.361  C: 0.173  G: 0.230  T: 0.236
Gamma shape alpha: 1.802
Rate parameters:  A-C: 1.00000  A-G: 2.32386  A-T: 1.00000  C-G: 1.00000  C-T: 2.32386  G-T: 1.00000
Base frequencies:  A: 0.361  C: 0.173  G: 0.230  T: 0.236
Gamma shape alpha: 1.660
Rate parameters:  A-C: 1.00000  A-G: 2.34335  A-T: 1.00000  C-G: 1.00000  C-T: 2.34335  G-T: 1.00000
Base frequencies:  A: 0.361  C: 0.173  G: 0.230  T: 0.236
Gamma shape alpha: 1.583
Rate parameters:  A-C: 1.00000  A-G: 2.35538  A-T: 1.00000  C-G: 1.00000  C-T: 2.35538  G-T: 1.00000
Base frequencies:  A: 0.361  C: 0.173  G: 0.230  T: 0.236
Gamma shape alpha: 1.540
Rate parameters:  A-C: 1.00000  A-G: 2.36270  A-T: 1.00000  C-G: 1.00000  C-T: 2.36270  G-T: 1.00000
Base frequencies:  A: 0.361  C: 0.173  G: 0.230  T: 0.236
Gamma shape alpha: 1.514
Rate parameters:  A-C: 1.00000  A-G: 2.37189  A-T: 1.00000  C-G: 1.00000  C-T: 2.37189  G-T: 1.00000
Base frequencies:  A: 0.361  C: 0.173  G: 0.230  T: 0.236
Gamma shape alpha: 1.498
Optimal log-likelihood: -45189.939
157  HKY+F+G4      45189.939    12  90403.879    90403.901    90494.711
Optimizing model TNe+I
1. Initial log-likelihood: -46013.556 (took 0.000 wall-clock sec)
Rate parameters:  A-C: 1.00000  A-G: 2.75592  A-T: 1.00000  C-G: 1.00000  C-T: 1.87080  G-T: 1.00000
Base frequencies:  A: 0.250  C: 0.250  G: 0.250  T: 0.250
Proportion of invariable sites: 0.196
Rate parameters:  A-C: 1.00000  A-G: 2.73300  A-T: 1.00000  C-G: 1.00000  C-T: 1.83720  G-T: 1.00000
Base frequencies:  A: 0.250  C: 0.250  G: 0.250  T: 0.250
Proportion of invariable sites: 0.192
Rate parameters:  A-C: 1.00000  A-G: 2.71584  A-T: 1.00000  C-G: 1.00000  C-T: 1.85078  G-T: 1.00000
Base frequencies:  A: 0.250  C: 0.250  G: 0.250  T: 0.250
Proportion of invariable sites: 0.190
Optimal log-likelihood: -45957.994
178  TNe+I         45957.994    10  91935.989    91936.004    92011.682
Optimizing model TNe+G4
1. Initial log-likelihood: -45969.146 (took 0.000 wall-clock sec)
Rate parameters:  A-C: 1.00000  A-G: 2.82391  A-T: 1.00000  C-G: 1.00000  C-T: 1.86204  G-T: 1.00000
Base frequencies:  A: 0.250  C: 0.250  G: 0.250  T: 0.250
Gamma shape alpha: 1.549
Rate parameters:  A-C: 1.00000  A-G: 2.80931  A-T: 1.00000  C-G: 1.00000  C-T: 1.86194  G-T: 1.00000
Base frequencies:  A: 0.250  C: 0.250  G: 0.250  T: 0.250
Gamma shape alpha: 1.577
Rate parameters:  A-C: 1.00000  A-G: 2.80405  A-T: 1.00000  C-G: 1.00000  C-T: 1.85547  G-T: 1.00000
Base frequencies:  A: 0.250  C: 0.250  G: 0.250  T: 0.250
Gamma shape alpha: 1.595
Optimal log-likelihood: -45956.295
179  TNe+G4        45956.295    10  91932.590    91932.605    92008.283
200  TNe+I         45957.994    10  91935.989    91936.004    92011.682
201  TNe+G4        45956.295    10  91932.590    91932.605    92008.283
Optimizing model TN+I
1. Initial log-likelihood: -45967.570 (took 0.000 wall-clock sec)
Rate parameters:  A-C: 1.00000  A-G: 2.72104  A-T: 1.00000  C-G: 1.00000  C-T: 1.83113  G-T: 1.00000
Base frequencies:  A: 0.250  C: 0.250  G: 0.250  T: 0.250
Proportion of invariable sites: 0.189
Rate parameters:  A-C: 1.00000  A-G: 2.71586  A-T: 1.00000  C-G: 1.00000  C-T: 1.83989  G-T: 1.00000
Base frequencies:  A: 0.250  C: 0.250  G: 0.250  T: 0.250
Proportion of invariable sites: 0.189
Optimal log-likelihood: -45958.000
222  TN+I          45958.000    10  91936.000    91936.016    92011.694
Optimizing model TN+G4
1. Initial log-likelihood: -45965.892 (took 0.000 wall-clock sec)
Rate parameters:  A-C: 1.00000  A-G: 2.79888  A-T: 1.00000  C-G: 1.00000  C-T: 1.85869  G-T: 1.00000
Base frequencies:  A: 0.250  C: 0.250  G: 0.250  T: 0.250
Gamma shape alpha: 1.600
Rate parameters:  A-C: 1.00000  A-G: 2.79924  A-T: 1.00000  C-G: 1.00000  C-T: 1.85363  G-T: 1.00000
Base frequencies:  A: 0.250  C: 0.250  G: 0.250  T: 0.250
Gamma shape alpha: 1.606
Optimal log-likelihood: -45956.287
223  TN+G4         45956.287    10  91932.574    91932.590    92008.268
Alignment state count time was 0.000 seconds.
Empirical state frequencies: 0.3612212259 0.1725845548 0.2302056894 0.2359885299 
Optimizing model TN+F+I
1. Initial log-likelihood: -45188.9030184647 (took 0.0000509308 wall-clock sec)
Rate parameters:  A-C: 1.00000  A-G: 2.30488  A-T: 1.00000  C-G: 1.00000  C-T: 2.35466  G-T: 1.00000
Base frequencies:  A: 0.361  C: 0.173  G: 0.230  T: 0.236
Proportion of invariable sites: 0.201
Rate parameters:  A-C: 1.00000  A-G: 2.32332  A-T: 1.00000  C-G: 1.00000  C-T: 2.34048  G-T: 1.00000
Base frequencies:  A: 0.361  C: 0.173  G: 0.230  T: 0.236
Proportion of invariable sites: 0.201
Optimal log-likelihood: -45187.761
244  TN+F+I        45187.761    13  90401.522    90401.547    90499.923
Alignment state count time was 0.000 seconds.
Empirical state frequencies: 0.3612212259 0.1725845548 0.2302056894 0.2359885299 
Optimizing model TN+F+G4
1. Initial log-likelihood: -45199.4295069057 (took 0.0001495159 wall-clock sec)
Rate parameters:  A-C: 1.00000  A-G: 2.37337  A-T: 1.00000  C-G: 1.00000  C-T: 2.37095  G-T: 1.00000
Base frequencies:  A: 0.361  C: 0.173  G: 0.230  T: 0.236
Gamma shape alpha: 1.478
Rate parameters:  A-C: 1.00000  A-G: 2.37574  A-T: 1.00000  C-G: 1.00000  C-T: 2.37369  G-T: 1.00000
Base frequencies:  A: 0.361  C: 0.173  G: 0.230  T: 0.236
Gamma shape alpha: 1.469
Optimal log-likelihood: -45189.940
245  TN+F+G4       45189.940    13  90405.881    90405.906    90504.282
Optimizing model K3P+I
1. Initial log-likelihood: -46019.657 (took 0.000 wall-clock sec)
Rate parameters:  A-C: 1.00000  A-G: 2.64462  A-T: 1.25155  C-G: 1.25155  C-T: 2.64462  G-T: 1.00000
Base frequencies:  A: 0.250  C: 0.250  G: 0.250  T: 0.250
Proportion of invariable sites: 0.189
Rate parameters:  A-C: 1.00000  A-G: 2.65565  A-T: 1.25872  C-G: 1.25872  C-T: 2.65565  G-T: 1.00000
Base frequencies:  A: 0.250  C: 0.250  G: 0.250  T: 0.250
Proportion of invariable sites: 0.190
Rate parameters:  A-C: 1.00000  A-G: 2.65660  A-T: 1.25748  C-G: 1.25748  C-T: 2.65660  G-T: 1.00000
Base frequencies:  A: 0.250  C: 0.250  G: 0.250  T: 0.250
Proportion of invariable sites: 0.190
Optimal log-likelihood: -45984.981
266  K3P+I         45984.981    10  91989.962    91989.977    92065.655
Optimizing model K3P+G4
1. Initial log-likelihood: -46001.353 (took 0.000 wall-clock sec)
Rate parameters:  A-C: 1.00000  A-G: 2.70395  A-T: 1.26360  C-G: 1.26360  C-T: 2.70395  G-T: 1.00000
Base frequencies:  A: 0.250  C: 0.250  G: 0.250  T: 0.250
Gamma shape alpha: 1.673
Rate parameters:  A-C: 1.00000  A-G: 2.71981  A-T: 1.27192  C-G: 1.27192  C-T: 2.71981  G-T: 1.00000
Base frequencies:  A: 0.250  C: 0.250  G: 0.250  T: 0.250
Gamma shape alpha: 1.667
Optimal log-likelihood: -45985.673
267  K3P+G4        45985.673    10  91991.346    91991.362    92067.040
288  K3P+I         45984.981    10  91989.962    91989.977    92065.655
289  K3P+G4        45985.673    10  91991.346    91991.362    92067.040
Optimizing model K3Pu+I
1. Initial log-likelihood: -45992.377 (took 0.000 wall-clock sec)
Rate parameters:  A-C: 1.00000  A-G: 2.66174  A-T: 1.25926  C-G: 1.25926  C-T: 2.66174  G-T: 1.00000
Base frequencies:  A: 0.250  C: 0.250  G: 0.250  T: 0.250
Proportion of invariable sites: 0.191
Rate parameters:  A-C: 1.00000  A-G: 2.66136  A-T: 1.25950  C-G: 1.25950  C-T: 2.66136  G-T: 1.00000
Base frequencies:  A: 0.250  C: 0.250  G: 0.250  T: 0.250
Proportion of invariable sites: 0.190
Optimal log-likelihood: -45984.992
310  K3Pu+I        45984.992    10  91989.984    91990.000    92065.678
Optimizing model K3Pu+G4
1. Initial log-likelihood: -45992.855 (took 0.000 wall-clock sec)
Rate parameters:  A-C: 1.00000  A-G: 2.72246  A-T: 1.27380  C-G: 1.27380  C-T: 2.72246  G-T: 1.00000
Base frequencies:  A: 0.250  C: 0.250  G: 0.250  T: 0.250
Gamma shape alpha: 1.667
Rate parameters:  A-C: 1.00000  A-G: 2.72270  A-T: 1.27290  C-G: 1.27290  C-T: 2.72270  G-T: 1.00000
Base frequencies:  A: 0.250  C: 0.250  G: 0.250  T: 0.250
Gamma shape alpha: 1.663
Optimal log-likelihood: -45985.674
311  K3Pu+G4       45985.674    10  91991.348    91991.363    92067.041
Alignment state count time was 0.000 seconds.
Empirical state frequencies: 0.3612212259 0.1725845548 0.2302056894 0.2359885299 
Optimizing model K3Pu+F+I
1. Initial log-likelihood: -45193.5034673172 (took 0.0000482183 wall-clock sec)
Rate parameters:  A-C: 1.00000  A-G: 2.43564  A-T: 1.09668  C-G: 1.09668  C-T: 2.43564  G-T: 1.00000
Base frequencies:  A: 0.361  C: 0.173  G: 0.230  T: 0.236
Proportion of invariable sites: 0.201
Rate parameters:  A-C: 1.00000  A-G: 2.43701  A-T: 1.09491  C-G: 1.09491  C-T: 2.43701  G-T: 1.00000
Base frequencies:  A: 0.361  C: 0.173  G: 0.230  T: 0.236
Proportion of invariable sites: 0.201
Optimal log-likelihood: -45186.458
332  K3Pu+F+I      45186.458    13  90398.916    90398.942    90497.318
Alignment state count time was 0.000 seconds.
Empirical state frequencies: 0.3612212259 0.1725845548 0.2302056894 0.2359885299 
Optimizing model K3Pu+F+G4
1. Initial log-likelihood: -45194.2280040601 (took 0.0002324423 wall-clock sec)
Rate parameters:  A-C: 1.00000  A-G: 2.44481  A-T: 1.08901  C-G: 1.08901  C-T: 2.44481  G-T: 1.00000
Base frequencies:  A: 0.361  C: 0.173  G: 0.230  T: 0.236
Gamma shape alpha: 1.579
Rate parameters:  A-C: 1.00000  A-G: 2.45738  A-T: 1.08629  C-G: 1.08629  C-T: 2.45738  G-T: 1.00000
Base frequencies:  A: 0.361  C: 0.173  G: 0.230  T: 0.236
Gamma shape alpha: 1.536
Rate parameters:  A-C: 1.00000  A-G: 2.49540  A-T: 1.10783  C-G: 1.10783  C-T: 2.49540  G-T: 1.00000
Base frequencies:  A: 0.361  C: 0.173  G: 0.230  T: 0.236
Gamma shape alpha: 1.511
Rate parameters:  A-C: 1.00000  A-G: 2.49696  A-T: 1.10505  C-G: 1.10505  C-T: 2.49696  G-T: 1.00000
Base frequencies:  A: 0.361  C: 0.173  G: 0.230  T: 0.236
Gamma shape alpha: 1.493
Optimal log-likelihood: -45188.425
333  K3Pu+F+G4     45188.425    13  90402.849    90402.875    90501.251
Optimizing model TPM2+I
1. Initial log-likelihood: -46017.787 (took 0.000 wall-clock sec)
Rate parameters:  A-C: 1.43700  A-G: 2.92941  A-T: 1.43700  C-G: 1.00000  C-T: 2.92941  G-T: 1.00000
Base frequencies:  A: 0.250  C: 0.250  G: 0.250  T: 0.250
Proportion of invariable sites: 0.194
Rate parameters:  A-C: 1.44138  A-G: 2.92808  A-T: 1.44138  C-G: 1.00000  C-T: 2.92808  G-T: 1.00000
Base frequencies:  A: 0.250  C: 0.250  G: 0.250  T: 0.250
Proportion of invariable sites: 0.193
Rate parameters:  A-C: 1.44220  A-G: 2.92805  A-T: 1.44220  C-G: 1.00000  C-T: 2.92805  G-T: 1.00000
Base frequencies:  A: 0.250  C: 0.250  G: 0.250  T: 0.250
Proportion of invariable sites: 0.192
Optimal log-likelihood: -45963.784
354  TPM2+I        45963.784    10  91947.568    91947.583    92023.262
Optimizing model TPM2+G4
1. Initial log-likelihood: -46004.013 (took 0.000 wall-clock sec)
Rate parameters:  A-C: 1.46872  A-G: 3.02082  A-T: 1.46872  C-G: 1.00000  C-T: 3.02082  G-T: 1.00000
Base frequencies:  A: 0.250  C: 0.250  G: 0.250  T: 0.250
Gamma shape alpha: 1.593
Rate parameters:  A-C: 1.47418  A-G: 3.02133  A-T: 1.47418  C-G: 1.00000  C-T: 3.02133  G-T: 1.00000
Base frequencies:  A: 0.250  C: 0.250  G: 0.250  T: 0.250
Gamma shape alpha: 1.602
Rate parameters:  A-C: 1.47600  A-G: 3.03164  A-T: 1.47600  C-G: 1.00000  C-T: 3.03164  G-T: 1.00000
Base frequencies:  A: 0.250  C: 0.250  G: 0.250  T: 0.250
Gamma shape alpha: 1.609
Optimal log-likelihood: -45962.983
355  TPM2+G4       45962.983    10  91945.965    91945.981    92021.659
376  TPM2+I        45963.784    10  91947.568    91947.583    92023.262
377  TPM2+G4       45962.983    10  91945.965    91945.981    92021.659
Optimizing model TPM2u+I
1. Initial log-likelihood: -45972.128 (took 0.000 wall-clock sec)
Rate parameters:  A-C: 1.44249  A-G: 2.93032  A-T: 1.44249  C-G: 1.00000  C-T: 2.93032  G-T: 1.00000
Base frequencies:  A: 0.250  C: 0.250  G: 0.250  T: 0.250
Proportion of invariable sites: 0.193
Rate parameters:  A-C: 1.44310  A-G: 2.93005  A-T: 1.44310  C-G: 1.00000  C-T: 2.93005  G-T: 1.00000
Base frequencies:  A: 0.250  C: 0.250  G: 0.250  T: 0.250
Proportion of invariable sites: 0.192
Optimal log-likelihood: -45963.797
398  TPM2u+I       45963.797    10  91947.594    91947.609    92023.287
Optimizing model TPM2u+G4
1. Initial log-likelihood: -45971.373 (took 0.000 wall-clock sec)
Rate parameters:  A-C: 1.49015  A-G: 3.04963  A-T: 1.49015  C-G: 1.00000  C-T: 3.04963  G-T: 1.00000
Base frequencies:  A: 0.250  C: 0.250  G: 0.250  T: 0.250
Gamma shape alpha: 1.609
Rate parameters:  A-C: 1.48607  A-G: 3.04936  A-T: 1.48607  C-G: 1.00000  C-T: 3.04936  G-T: 1.00000
Base frequencies:  A: 0.250  C: 0.250  G: 0.250  T: 0.250
Gamma shape alpha: 1.605
Optimal log-likelihood: -45962.997
399  TPM2u+G4      45962.997    10  91945.993    91946.009    92021.687
Alignment state count time was 0.000 seconds.
Empirical state frequencies: 0.3612212259 0.1725845548 0.2302056894 0.2359885299 
Optimizing model TPM2u+F+I
1. Initial log-likelihood: -45192.0449194843 (took 0.0000601108 wall-clock sec)
Rate parameters:  A-C: 1.20127  A-G: 2.60138  A-T: 1.20127  C-G: 1.00000  C-T: 2.60138  G-T: 1.00000
Base frequencies:  A: 0.361  C: 0.173  G: 0.230  T: 0.236
Proportion of invariable sites: 0.201
Rate parameters:  A-C: 1.19904  A-G: 2.60248  A-T: 1.19904  C-G: 1.00000  C-T: 2.60248  G-T: 1.00000
Base frequencies:  A: 0.361  C: 0.173  G: 0.230  T: 0.236
Proportion of invariable sites: 0.202
Optimal log-likelihood: -45181.444
420  TPM2u+F+I     45181.444    13  90388.888    90388.913    90487.289
Alignment state count time was 0.000 seconds.
Empirical state frequencies: 0.3612212259 0.1725845548 0.2302056894 0.2359885299 
Optimizing model TPM2u+F+G4
1. Initial log-likelihood: -45189.9739579210 (took 0.0001628781 wall-clock sec)
Rate parameters:  A-C: 1.20804  A-G: 2.64712  A-T: 1.20804  C-G: 1.00000  C-T: 2.64712  G-T: 1.00000
Base frequencies:  A: 0.361  C: 0.173  G: 0.230  T: 0.236
Gamma shape alpha: 1.550
Rate parameters:  A-C: 1.20466  A-G: 2.64955  A-T: 1.20466  C-G: 1.00000  C-T: 2.64955  G-T: 1.00000
Base frequencies:  A: 0.361  C: 0.173  G: 0.230  T: 0.236
Gamma shape alpha: 1.519
Rate parameters:  A-C: 1.20292  A-G: 2.65219  A-T: 1.20292  C-G: 1.00000  C-T: 2.65219  G-T: 1.00000
Base frequencies:  A: 0.361  C: 0.173  G: 0.230  T: 0.236
Gamma shape alpha: 1.502
Optimal log-likelihood: -45183.523
421  TPM2u+F+G4    45183.523    13  90393.046    90393.071    90491.447
Optimizing model TPM3+I
1. Initial log-likelihood: -46017.110 (took 0.000 wall-clock sec)
Rate parameters:  A-C: 0.94230  A-G: 2.28726  A-T: 1.00000  C-G: 0.94230  C-T: 2.28726  G-T: 1.00000
Base frequencies:  A: 0.250  C: 0.250  G: 0.250  T: 0.250
Proportion of invariable sites: 0.190
Rate parameters:  A-C: 0.94150  A-G: 2.28684  A-T: 1.00000  C-G: 0.94150  C-T: 2.28684  G-T: 1.00000
Base frequencies:  A: 0.250  C: 0.250  G: 0.250  T: 0.250
Proportion of invariable sites: 0.189
Optimal log-likelihood: -45992.717
442  TPM3+I        45992.717    10  92005.433    92005.449    92081.127
Optimizing model TPM3+G4
1. Initial log-likelihood: -46002.056 (took 0.000 wall-clock sec)
Rate parameters:  A-C: 0.94352  A-G: 2.32804  A-T: 1.00000  C-G: 0.94352  C-T: 2.32804  G-T: 1.00000
Base frequencies:  A: 0.250  C: 0.250  G: 0.250  T: 0.250
Gamma shape alpha: 1.670
Rate parameters:  A-C: 0.94314  A-G: 2.32804  A-T: 1.00000  C-G: 0.94314  C-T: 2.32804  G-T: 1.00000
Base frequencies:  A: 0.250  C: 0.250  G: 0.250  T: 0.250
Gamma shape alpha: 1.670
Optimal log-likelihood: -45993.825
443  TPM3+G4       45993.825    10  92007.649    92007.664    92083.343
464  TPM3+I        45992.717    10  92005.433    92005.449    92081.127
465  TPM3+G4       45993.825    10  92007.649    92007.664    92083.343
Optimizing model TPM3u+I
1. Initial log-likelihood: -46000.121 (took 0.000 wall-clock sec)
Rate parameters:  A-C: 0.94155  A-G: 2.28729  A-T: 1.00000  C-G: 0.94155  C-T: 2.28729  G-T: 1.00000
Base frequencies:  A: 0.250  C: 0.250  G: 0.250  T: 0.250
Proportion of invariable sites: 0.190
Rate parameters:  A-C: 0.94108  A-G: 2.28686  A-T: 1.00000  C-G: 0.94108  C-T: 2.28686  G-T: 1.00000
Base frequencies:  A: 0.250  C: 0.250  G: 0.250  T: 0.250
Proportion of invariable sites: 0.190
Optimal log-likelihood: -45992.704
486  TPM3u+I       45992.704    10  92005.408    92005.424    92081.102
Optimizing model TPM3u+G4
1. Initial log-likelihood: -46001.049 (took 0.000 wall-clock sec)
Rate parameters:  A-C: 0.94805  A-G: 2.33919  A-T: 1.00000  C-G: 0.94805  C-T: 2.33919  G-T: 1.00000
Base frequencies:  A: 0.250  C: 0.250  G: 0.250  T: 0.250
Gamma shape alpha: 1.675
Rate parameters:  A-C: 0.94000  A-G: 2.32525  A-T: 1.00000  C-G: 0.94000  C-T: 2.32525  G-T: 1.00000
Base frequencies:  A: 0.250  C: 0.250  G: 0.250  T: 0.250
Gamma shape alpha: 1.670
Optimal log-likelihood: -45993.829
487  TPM3u+G4      45993.829    10  92007.658    92007.673    92083.351
Alignment state count time was 0.000 seconds.
Empirical state frequencies: 0.3612212259 0.1725845548 0.2302056894 0.2359885299 
Optimizing model TPM3u+F+I
1. Initial log-likelihood: -45198.2125712976 (took 0.0000666929 wall-clock sec)
Rate parameters:  A-C: 1.22417  A-G: 2.52604  A-T: 1.00000  C-G: 1.22417  C-T: 2.52604  G-T: 1.00000
Base frequencies:  A: 0.361  C: 0.173  G: 0.230  T: 0.236
Proportion of invariable sites: 0.200
Rate parameters:  A-C: 1.24267  A-G: 2.54481  A-T: 1.00000  C-G: 1.24267  C-T: 2.54481  G-T: 1.00000
Base frequencies:  A: 0.361  C: 0.173  G: 0.230  T: 0.236
Proportion of invariable sites: 0.201
Rate parameters:  A-C: 1.23561  A-G: 2.54862  A-T: 1.00000  C-G: 1.23561  C-T: 2.54862  G-T: 1.00000
Base frequencies:  A: 0.361  C: 0.173  G: 0.230  T: 0.236
Proportion of invariable sites: 0.201
Optimal log-likelihood: -45177.420
508  TPM3u+F+I     45177.420    13  90380.840    90380.866    90479.242
Alignment state count time was 0.000 seconds.
Empirical state frequencies: 0.3612212259 0.1725845548 0.2302056894 0.2359885299 
Optimizing model TPM3u+F+G4
1. Initial log-likelihood: -45184.9545950902 (took 0.0000852640 wall-clock sec)
Rate parameters:  A-C: 1.23118  A-G: 2.56114  A-T: 1.00000  C-G: 1.23118  C-T: 2.56114  G-T: 1.00000
Base frequencies:  A: 0.361  C: 0.173  G: 0.230  T: 0.236
Gamma shape alpha: 1.575
Rate parameters:  A-C: 1.24387  A-G: 2.59907  A-T: 1.00000  C-G: 1.24387  C-T: 2.59907  G-T: 1.00000
Base frequencies:  A: 0.361  C: 0.173  G: 0.230  T: 0.236
Gamma shape alpha: 1.526
Rate parameters:  A-C: 1.25241  A-G: 2.60684  A-T: 1.00000  C-G: 1.25241  C-T: 2.60684  G-T: 1.00000
Base frequencies:  A: 0.361  C: 0.173  G: 0.230  T: 0.236
Gamma shape alpha: 1.496
Rate parameters:  A-C: 1.24793  A-G: 2.61065  A-T: 1.00000  C-G: 1.24793  C-T: 2.61065  G-T: 1.00000
Base frequencies:  A: 0.361  C: 0.173  G: 0.230  T: 0.236
Gamma shape alpha: 1.479
Optimal log-likelihood: -45179.235
509  TPM3u+F+G4    45179.235    13  90384.471    90384.496    90482.872
Optimizing model TIMe+I
1. Initial log-likelihood: -46016.737 (took 0.000 wall-clock sec)
Rate parameters:  A-C: 1.00000  A-G: 3.10659  A-T: 1.25877  C-G: 1.25877  C-T: 2.10285  G-T: 1.00000
Base frequencies:  A: 0.250  C: 0.250  G: 0.250  T: 0.250
Proportion of invariable sites: 0.195
Rate parameters:  A-C: 1.00000  A-G: 3.10325  A-T: 1.26642  C-G: 1.26642  C-T: 2.09935  G-T: 1.00000
Base frequencies:  A: 0.250  C: 0.250  G: 0.250  T: 0.250
Proportion of invariable sites: 0.192
Rate parameters:  A-C: 1.00000  A-G: 3.09764  A-T: 1.26873  C-G: 1.26873  C-T: 2.09566  G-T: 1.00000
Base frequencies:  A: 0.250  C: 0.250  G: 0.250  T: 0.250
Proportion of invariable sites: 0.191
Optimal log-likelihood: -45949.405
530  TIMe+I        45949.405    11  91920.811    91920.829    92004.073
Optimizing model TIMe+G4
1. Initial log-likelihood: -45960.637 (took 0.000 wall-clock sec)
Rate parameters:  A-C: 1.00000  A-G: 3.23402  A-T: 1.27850  C-G: 1.27850  C-T: 2.12192  G-T: 1.00000
Base frequencies:  A: 0.250  C: 0.250  G: 0.250  T: 0.250
Gamma shape alpha: 1.532
Rate parameters:  A-C: 1.00000  A-G: 3.22646  A-T: 1.28397  C-G: 1.28397  C-T: 2.12437  G-T: 1.00000
Base frequencies:  A: 0.250  C: 0.250  G: 0.250  T: 0.250
Gamma shape alpha: 1.560
Rate parameters:  A-C: 1.00000  A-G: 3.21122  A-T: 1.27886  C-G: 1.27886  C-T: 2.12971  G-T: 1.00000
Base frequencies:  A: 0.250  C: 0.250  G: 0.250  T: 0.250
Gamma shape alpha: 1.580
Optimal log-likelihood: -45947.411
531  TIMe+G4       45947.411    11  91916.822    91916.840    92000.084
552  TIMe+I        45949.405    11  91920.811    91920.829    92004.073
553  TIMe+G4       45947.411    11  91916.822    91916.840    92000.084
Optimizing model TIM+I
1. Initial log-likelihood: -45959.403 (took 0.000 wall-clock sec)
Rate parameters:  A-C: 1.00000  A-G: 3.08967  A-T: 1.25769  C-G: 1.25769  C-T: 2.09138  G-T: 1.00000
Base frequencies:  A: 0.250  C: 0.250  G: 0.250  T: 0.250
Proportion of invariable sites: 0.190
Rate parameters:  A-C: 1.00000  A-G: 3.08662  A-T: 1.26328  C-G: 1.26328  C-T: 2.08920  G-T: 1.00000
Base frequencies:  A: 0.250  C: 0.250  G: 0.250  T: 0.250
Proportion of invariable sites: 0.190
Optimal log-likelihood: -45949.408
574  TIM+I         45949.408    11  91920.816    91920.834    92004.079
Optimizing model TIM+G4
1. Initial log-likelihood: -45957.304 (took 0.000 wall-clock sec)
Rate parameters:  A-C: 1.00000  A-G: 3.20858  A-T: 1.28162  C-G: 1.28162  C-T: 2.12682  G-T: 1.00000
Base frequencies:  A: 0.250  C: 0.250  G: 0.250  T: 0.250
Gamma shape alpha: 1.583
Rate parameters:  A-C: 1.00000  A-G: 3.20143  A-T: 1.27410  C-G: 1.27410  C-T: 2.12018  G-T: 1.00000
Base frequencies:  A: 0.250  C: 0.250  G: 0.250  T: 0.250
Gamma shape alpha: 1.590
Optimal log-likelihood: -45947.395
575  TIM+G4        45947.395    11  91916.790    91916.809    92000.053
Alignment state count time was 0.000 seconds.
Empirical state frequencies: 0.3612212259 0.1725845548 0.2302056894 0.2359885299 
Optimizing model TIM+F+I
1. Initial log-likelihood: -45187.7031227777 (took 0.0000569350 wall-clock sec)
Rate parameters:  A-C: 1.00000  A-G: 2.41529  A-T: 1.09366  C-G: 1.09366  C-T: 2.46328  G-T: 1.00000
Base frequencies:  A: 0.361  C: 0.173  G: 0.230  T: 0.236
Proportion of invariable sites: 0.202
Rate parameters:  A-C: 1.00000  A-G: 2.42246  A-T: 1.09162  C-G: 1.09162  C-T: 2.46061  G-T: 1.00000
Base frequencies:  A: 0.361  C: 0.173  G: 0.230  T: 0.236
Proportion of invariable sites: 0.202
Optimal log-likelihood: -45186.410
596  TIM+F+I       45186.410    14  90400.819    90400.848    90506.790
Alignment state count time was 0.000 seconds.
Empirical state frequencies: 0.3612212259 0.1725845548 0.2302056894 0.2359885299 
Optimizing model TIM+F+G4
1. Initial log-likelihood: -45198.0402587979 (took 0.0001579998 wall-clock sec)
Rate parameters:  A-C: 1.00000  A-G: 2.49809  A-T: 1.10332  C-G: 1.10332  C-T: 2.49767  G-T: 1.00000
Base frequencies:  A: 0.361  C: 0.173  G: 0.230  T: 0.236
Gamma shape alpha: 1.474
Rate parameters:  A-C: 1.00000  A-G: 2.49967  A-T: 1.10225  C-G: 1.10225  C-T: 2.49886  G-T: 1.00000
Base frequencies:  A: 0.361  C: 0.173  G: 0.230  T: 0.236
Gamma shape alpha: 1.466
Optimal log-likelihood: -45188.426
597  TIM+F+G4      45188.426    14  90404.852    90404.881    90510.822
Optimizing model TIM2e+I
1. Initial log-likelihood: -46015.385 (took 0.000 wall-clock sec)
Rate parameters:  A-C: 1.47277  A-G: 3.48449  A-T: 1.47277  C-G: 1.00000  C-T: 2.35328  G-T: 1.00000
Base frequencies:  A: 0.250  C: 0.250  G: 0.250  T: 0.250
Proportion of invariable sites: 0.202
Rate parameters:  A-C: 1.48611  A-G: 3.47877  A-T: 1.48611  C-G: 1.00000  C-T: 2.34932  G-T: 1.00000
Base frequencies:  A: 0.250  C: 0.250  G: 0.250  T: 0.250
Proportion of invariable sites: 0.195
Rate parameters:  A-C: 1.49005  A-G: 3.46968  A-T: 1.49005  C-G: 1.00000  C-T: 2.34549  G-T: 1.00000
Base frequencies:  A: 0.250  C: 0.250  G: 0.250  T: 0.250
Proportion of invariable sites: 0.194
Optimal log-likelihood: -45928.353
618  TIM2e+I       45928.353    11  91878.705    91878.723    91961.968
Optimizing model TIM2e+G4
1. Initial log-likelihood: -45937.660 (took 0.000 wall-clock sec)
Rate parameters:  A-C: 1.52250  A-G: 3.63194  A-T: 1.52250  C-G: 1.00000  C-T: 2.39954  G-T: 1.00000
Base frequencies:  A: 0.250  C: 0.250  G: 0.250  T: 0.250
Gamma shape alpha: 1.504
Rate parameters:  A-C: 1.52397  A-G: 3.62380  A-T: 1.52397  C-G: 1.00000  C-T: 2.39986  G-T: 1.00000
Base frequencies:  A: 0.250  C: 0.250  G: 0.250  T: 0.250
Gamma shape alpha: 1.523
Rate parameters:  A-C: 1.51701  A-G: 3.61873  A-T: 1.51701  C-G: 1.00000  C-T: 2.39838  G-T: 1.00000
Base frequencies:  A: 0.250  C: 0.250  G: 0.250  T: 0.250
Gamma shape alpha: 1.537
Optimal log-likelihood: -45925.069
619  TIM2e+G4      45925.069    11  91872.137    91872.155    91955.400
640  TIM2e+I       45928.353    11  91878.705    91878.723    91961.968
641  TIM2e+G4      45925.069    11  91872.137    91872.155    91955.400
Optimizing model TIM2+I
1. Initial log-likelihood: -45938.785 (took 0.000 wall-clock sec)
Rate parameters:  A-C: 1.46093  A-G: 3.41264  A-T: 1.46093  C-G: 1.00000  C-T: 2.31805  G-T: 1.00000
Base frequencies:  A: 0.250  C: 0.250  G: 0.250  T: 0.250
Proportion of invariable sites: 0.192
Rate parameters:  A-C: 1.46695  A-G: 3.41172  A-T: 1.46695  C-G: 1.00000  C-T: 2.31602  G-T: 1.00000
Base frequencies:  A: 0.250  C: 0.250  G: 0.250  T: 0.250
Proportion of invariable sites: 0.192
Optimal log-likelihood: -45928.313
662  TIM2+I        45928.313    11  91878.626    91878.645    91961.889
Optimizing model TIM2+G4
1. Initial log-likelihood: -45935.676 (took 0.000 wall-clock sec)
Rate parameters:  A-C: 1.52055  A-G: 3.61585  A-T: 1.52055  C-G: 1.00000  C-T: 2.39703  G-T: 1.00000
Base frequencies:  A: 0.250  C: 0.250  G: 0.250  T: 0.250
Gamma shape alpha: 1.535
Rate parameters:  A-C: 1.51174  A-G: 3.59850  A-T: 1.51174  C-G: 1.00000  C-T: 2.38919  G-T: 1.00000
Base frequencies:  A: 0.250  C: 0.250  G: 0.250  T: 0.250
Gamma shape alpha: 1.542
Optimal log-likelihood: -45925.059
663  TIM2+G4       45925.059    11  91872.118    91872.136    91955.381
Alignment state count time was 0.000 seconds.
Empirical state frequencies: 0.3612212259 0.1725845548 0.2302056894 0.2359885299 
Optimizing model TIM2+F+I
1. Initial log-likelihood: -45182.2105057048 (took 0.0000501820 wall-clock sec)
Rate parameters:  A-C: 1.19709  A-G: 2.58197  A-T: 1.19709  C-G: 1.00000  C-T: 2.62533  G-T: 1.00000
Base frequencies:  A: 0.361  C: 0.173  G: 0.230  T: 0.236
Proportion of invariable sites: 0.202
Rate parameters:  A-C: 1.19569  A-G: 2.58568  A-T: 1.19569  C-G: 1.00000  C-T: 2.62407  G-T: 1.00000
Base frequencies:  A: 0.361  C: 0.173  G: 0.230  T: 0.236
Proportion of invariable sites: 0.202
Optimal log-likelihood: -45181.401
684  TIM2+F+I      45181.401    14  90390.802    90390.831    90496.773
Alignment state count time was 0.000 seconds.
Empirical state frequencies: 0.3612212259 0.1725845548 0.2302056894 0.2359885299 
Optimizing model TIM2+F+G4
1. Initial log-likelihood: -45192.6659791238 (took 0.0001529688 wall-clock sec)
Rate parameters:  A-C: 1.20172  A-G: 2.65609  A-T: 1.20172  C-G: 1.00000  C-T: 2.65462  G-T: 1.00000
Base frequencies:  A: 0.361  C: 0.173  G: 0.230  T: 0.236
Gamma shape alpha: 1.483
Rate parameters:  A-C: 1.20762  A-G: 2.66077  A-T: 1.20762  C-G: 1.00000  C-T: 2.65945  G-T: 1.00000
Base frequencies:  A: 0.361  C: 0.173  G: 0.230  T: 0.236
Gamma shape alpha: 1.475
Optimal log-likelihood: -45183.522
685  TIM2+F+G4     45183.522    14  90395.044    90395.073    90501.014
Optimizing model TIM3e+I
1. Initial log-likelihood: -46013.894 (took 0.000 wall-clock sec)
Rate parameters:  A-C: 0.94003  A-G: 2.67822  A-T: 1.00000  C-G: 0.94003  C-T: 1.81609  G-T: 1.00000
Base frequencies:  A: 0.250  C: 0.250  G: 0.250  T: 0.250
Proportion of invariable sites: 0.198
Rate parameters:  A-C: 0.94695  A-G: 2.67547  A-T: 1.00000  C-G: 0.94695  C-T: 1.81185  G-T: 1.00000
Base frequencies:  A: 0.250  C: 0.250  G: 0.250  T: 0.250
Proportion of invariable sites: 0.192
Rate parameters:  A-C: 0.94952  A-G: 2.66522  A-T: 1.00000  C-G: 0.94952  C-T: 1.80180  G-T: 1.00000
Base frequencies:  A: 0.250  C: 0.250  G: 0.250  T: 0.250
Proportion of invariable sites: 0.190
Optimal log-likelihood: -45957.054
706  TIM3e+I       45957.054    11  91936.108    91936.126    92019.371
Optimizing model TIM3e+G4
1. Initial log-likelihood: -45969.032 (took 0.000 wall-clock sec)
Rate parameters:  A-C: 0.94043  A-G: 2.75044  A-T: 1.00000  C-G: 0.94043  C-T: 1.81060  G-T: 1.00000
Base frequencies:  A: 0.250  C: 0.250  G: 0.250  T: 0.250
Gamma shape alpha: 1.534
Rate parameters:  A-C: 0.94384  A-G: 2.74805  A-T: 1.00000  C-G: 0.94384  C-T: 1.81054  G-T: 1.00000
Base frequencies:  A: 0.250  C: 0.250  G: 0.250  T: 0.250
Gamma shape alpha: 1.567
Rate parameters:  A-C: 0.94623  A-G: 2.74184  A-T: 1.00000  C-G: 0.94623  C-T: 1.81083  G-T: 1.00000
Base frequencies:  A: 0.250  C: 0.250  G: 0.250  T: 0.250
Gamma shape alpha: 1.589
Optimal log-likelihood: -45955.450
707  TIM3e+G4      45955.450    11  91932.901    91932.919    92016.164
728  TIM3e+I       45957.054    11  91936.108    91936.126    92019.371
729  TIM3e+G4      45955.450    11  91932.901    91932.919    92016.164
Optimizing model TIM3+I
1. Initial log-likelihood: -45966.714 (took 0.000 wall-clock sec)
Rate parameters:  A-C: 0.93826  A-G: 2.63466  A-T: 1.00000  C-G: 0.93826  C-T: 1.78372  G-T: 1.00000
Base frequencies:  A: 0.250  C: 0.250  G: 0.250  T: 0.250
Proportion of invariable sites: 0.189
Rate parameters:  A-C: 0.94073  A-G: 2.63756  A-T: 1.00000  C-G: 0.94073  C-T: 1.78620  G-T: 1.00000
Base frequencies:  A: 0.250  C: 0.250  G: 0.250  T: 0.250
Proportion of invariable sites: 0.189
Optimal log-likelihood: -45957.037
750  TIM3+I        45957.037    11  91936.073    91936.092    92019.336
Optimizing model TIM3+G4
1. Initial log-likelihood: -45965.398 (took 0.000 wall-clock sec)
Rate parameters:  A-C: 0.94259  A-G: 2.73820  A-T: 1.00000  C-G: 0.94259  C-T: 1.81118  G-T: 1.00000
Base frequencies:  A: 0.250  C: 0.250  G: 0.250  T: 0.250
Gamma shape alpha: 1.594
Rate parameters:  A-C: 0.94507  A-G: 2.73574  A-T: 1.00000  C-G: 0.94507  C-T: 1.81022  G-T: 1.00000
Base frequencies:  A: 0.250  C: 0.250  G: 0.250  T: 0.250
Gamma shape alpha: 1.602
Optimal log-likelihood: -45955.433
751  TIM3+G4       45955.433    11  91932.865    91932.884    92016.128
Alignment state count time was 0.000 seconds.
Empirical state frequencies: 0.3612212259 0.1725845548 0.2302056894 0.2359885299 
Optimizing model TIM3+F+I
1. Initial log-likelihood: -45178.3066718772 (took 0.0000572531 wall-clock sec)
Rate parameters:  A-C: 1.23412  A-G: 2.52366  A-T: 1.00000  C-G: 1.23412  C-T: 2.57731  G-T: 1.00000
Base frequencies:  A: 0.361  C: 0.173  G: 0.230  T: 0.236
Proportion of invariable sites: 0.202
Rate parameters:  A-C: 1.23377  A-G: 2.54008  A-T: 1.00000  C-G: 1.23377  C-T: 2.57269  G-T: 1.00000
Base frequencies:  A: 0.361  C: 0.173  G: 0.230  T: 0.236
Proportion of invariable sites: 0.202
Optimal log-likelihood: -45177.376
772  TIM3+F+I      45177.376    14  90382.753    90382.782    90488.724
Alignment state count time was 0.000 seconds.
Empirical state frequencies: 0.3612212259 0.1725845548 0.2302056894 0.2359885299 
Optimizing model TIM3+F+G4
1. Initial log-likelihood: -45189.3016488779 (took 0.0000910256 wall-clock sec)
Rate parameters:  A-C: 1.24615  A-G: 2.61518  A-T: 1.00000  C-G: 1.24615  C-T: 2.61949  G-T: 1.00000
Base frequencies:  A: 0.361  C: 0.173  G: 0.230  T: 0.236
Gamma shape alpha: 1.460
Rate parameters:  A-C: 1.25010  A-G: 2.61592  A-T: 1.00000  C-G: 1.25010  C-T: 2.62054  G-T: 1.00000
Base frequencies:  A: 0.361  C: 0.173  G: 0.230  T: 0.236
Gamma shape alpha: 1.451
Optimal log-likelihood: -45179.229
773  TIM3+F+G4     45179.229    14  90386.457    90386.487    90492.428
Optimizing model TVMe+I
1. Initial log-likelihood: -46031.449 (took 0.000 wall-clock sec)
Rate parameters:  A-C: 1.42002  A-G: 3.28112  A-T: 1.75747  C-G: 1.21379  C-T: 3.28112  G-T: 1.00000
Base frequencies:  A: 0.250  C: 0.250  G: 0.250  T: 0.250
Proportion of invariable sites: 0.200
Rate parameters:  A-C: 1.42861  A-G: 3.26945  A-T: 1.76308  C-G: 1.22118  C-T: 3.26945  G-T: 1.00000
Base frequencies:  A: 0.250  C: 0.250  G: 0.250  T: 0.250
Proportion of invariable sites: 0.195
Rate parameters:  A-C: 1.42994  A-G: 3.26377  A-T: 1.76372  C-G: 1.22454  C-T: 3.26377  G-T: 1.00000
Base frequencies:  A: 0.250  C: 0.250  G: 0.250  T: 0.250
Proportion of invariable sites: 0.194
Optimal log-likelihood: -45957.057
794  TVMe+I        45957.057    12  91938.114    91938.136    92028.946
Optimizing model TVMe+G4
1. Initial log-likelihood: -45969.818 (took 0.000 wall-clock sec)
Rate parameters:  A-C: 1.41598  A-G: 3.30500  A-T: 1.75407  C-G: 1.18801  C-T: 3.30500  G-T: 1.00000
Base frequencies:  A: 0.250  C: 0.250  G: 0.250  T: 0.250
Gamma shape alpha: 1.518
Rate parameters:  A-C: 1.52228  A-G: 3.51305  A-T: 1.88748  C-G: 1.28474  C-T: 3.51305  G-T: 1.00000
Base frequencies:  A: 0.250  C: 0.250  G: 0.250  T: 0.250
Gamma shape alpha: 1.547
Rate parameters:  A-C: 1.46885  A-G: 3.42063  A-T: 1.84059  C-G: 1.25842  C-T: 3.42063  G-T: 1.00000
Base frequencies:  A: 0.250  C: 0.250  G: 0.250  T: 0.250
Gamma shape alpha: 1.568
Rate parameters:  A-C: 1.48547  A-G: 3.42185  A-T: 1.82865  C-G: 1.24301  C-T: 3.42185  G-T: 1.00000
Base frequencies:  A: 0.250  C: 0.250  G: 0.250  T: 0.250
Gamma shape alpha: 1.581
Optimal log-likelihood: -45956.029
795  TVMe+G4       45956.029    12  91936.058    91936.080    92026.890
816  TVMe+I        45957.057    12  91938.114    91938.136    92028.946
817  TVMe+G4       45956.029    12  91936.058    91936.080    92026.890
Optimizing model TVM+I
1. Initial log-likelihood: -45966.245 (took 0.000 wall-clock sec)
Rate parameters:  A-C: 1.42894  A-G: 3.25502  A-T: 1.76239  C-G: 1.22485  C-T: 3.25502  G-T: 1.00000
Base frequencies:  A: 0.250  C: 0.250  G: 0.250  T: 0.250
Proportion of invariable sites: 0.193
Rate parameters:  A-C: 1.42455  A-G: 3.25466  A-T: 1.75678  C-G: 1.22045  C-T: 3.25466  G-T: 1.00000
Base frequencies:  A: 0.250  C: 0.250  G: 0.250  T: 0.250
Proportion of invariable sites: 0.193
Optimal log-likelihood: -45957.068
838  TVM+I         45957.068    12  91938.135    91938.157    92028.967
Optimizing model TVM+G4
1. Initial log-likelihood: -45965.243 (took 0.000 wall-clock sec)
Rate parameters:  A-C: 1.47197  A-G: 3.41483  A-T: 1.83320  C-G: 1.25399  C-T: 3.41483  G-T: 1.00000
Base frequencies:  A: 0.250  C: 0.250  G: 0.250  T: 0.250
Gamma shape alpha: 1.581
Rate parameters:  A-C: 1.47939  A-G: 3.41436  A-T: 1.82808  C-G: 1.24338  C-T: 3.41436  G-T: 1.00000
Base frequencies:  A: 0.250  C: 0.250  G: 0.250  T: 0.250
Gamma shape alpha: 1.584
Optimal log-likelihood: -45956.025
839  TVM+G4        45956.025    12  91936.049    91936.071    92026.881
Alignment state count time was 0.000 seconds.
Empirical state frequencies: 0.3612212259 0.1725845548 0.2302056894 0.2359885299 
Optimizing model TVM+F+I
1. Initial log-likelihood: -45179.1317180732 (took 0.0000506737 wall-clock sec)
Rate parameters:  A-C: 1.53883  A-G: 3.15199  A-T: 1.39081  C-G: 1.50288  C-T: 3.15199  G-T: 1.00000
Base frequencies:  A: 0.361  C: 0.173  G: 0.230  T: 0.236
Proportion of invariable sites: 0.202
Rate parameters:  A-C: 1.53881  A-G: 3.15281  A-T: 1.38830  C-G: 1.50622  C-T: 3.15281  G-T: 1.00000
Base frequencies:  A: 0.361  C: 0.173  G: 0.230  T: 0.236
Proportion of invariable sites: 0.203
Optimal log-likelihood: -45167.680
860  TVM+F+I       45167.680    15  90365.361    90365.394    90478.901
Alignment state count time was 0.000 seconds.
Empirical state frequencies: 0.3612212259 0.1725845548 0.2302056894 0.2359885299 
Optimizing model TVM+F+G4
1. Initial log-likelihood: -45188.9424766911 (took 0.0001327549 wall-clock sec)
Rate parameters:  A-C: 1.57946  A-G: 3.29078  A-T: 1.42351  C-G: 1.54612  C-T: 3.29078  G-T: 1.00000
Base frequencies:  A: 0.361  C: 0.173  G: 0.230  T: 0.236
Gamma shape alpha: 1.460
Rate parameters:  A-C: 1.58016  A-G: 3.29191  A-T: 1.41977  C-G: 1.55024  C-T: 3.29191  G-T: 1.00000
Base frequencies:  A: 0.361  C: 0.173  G: 0.230  T: 0.236
Gamma shape alpha: 1.449
Optimal log-likelihood: -45169.063
861  TVM+F+G4      45169.063    15  90368.125    90368.159    90481.665
Optimizing model SYM+I
1. Initial log-likelihood: -45969.595 (took 0.000 wall-clock sec)
Rate parameters:  A-C: 1.42825  A-G: 3.73238  A-T: 1.76405  C-G: 1.19732  C-T: 2.52873  G-T: 1.00000
Base frequencies:  A: 0.250  C: 0.250  G: 0.250  T: 0.250
Proportion of invariable sites: 0.191
Rate parameters:  A-C: 1.43139  A-G: 3.73334  A-T: 1.75915  C-G: 1.20022  C-T: 2.52951  G-T: 1.00000
Base frequencies:  A: 0.250  C: 0.250  G: 0.250  T: 0.250
Proportion of invariable sites: 0.192
Rate parameters:  A-C: 1.43047  A-G: 3.73591  A-T: 1.75890  C-G: 1.19883  C-T: 2.53138  G-T: 1.00000
Base frequencies:  A: 0.250  C: 0.250  G: 0.250  T: 0.250
Proportion of invariable sites: 0.192
Optimal log-likelihood: -45921.429
882  SYM+I         45921.429    13  91868.857    91868.883    91967.259
Optimizing model SYM+G4
1. Initial log-likelihood: -45935.168 (took 0.000 wall-clock sec)
Rate parameters:  A-C: 1.49189  A-G: 3.98852  A-T: 1.84119  C-G: 1.23035  C-T: 2.64725  G-T: 1.00000
Base frequencies:  A: 0.250  C: 0.250  G: 0.250  T: 0.250
Gamma shape alpha: 1.539
Rate parameters:  A-C: 1.48872  A-G: 3.98747  A-T: 1.84863  C-G: 1.23129  C-T: 2.64509  G-T: 1.00000
Base frequencies:  A: 0.250  C: 0.250  G: 0.250  T: 0.250
Gamma shape alpha: 1.542
Optimal log-likelihood: -45917.944
883  SYM+G4        45917.944    13  91861.889    91861.914    91960.290
904  SYM+I         45921.429    13  91868.857    91868.883    91967.259
905  SYM+G4        45917.944    13  91861.889    91861.914    91960.290
Optimizing model GTR+I
1. Initial log-likelihood: -45932.145 (took 0.000 wall-clock sec)
Rate parameters:  A-C: 1.43354  A-G: 3.73612  A-T: 1.76089  C-G: 1.20114  C-T: 2.53054  G-T: 1.00000
Base frequencies:  A: 0.250  C: 0.250  G: 0.250  T: 0.250
Proportion of invariable sites: 0.192
Rate parameters:  A-C: 1.43199  A-G: 3.73729  A-T: 1.76060  C-G: 1.20040  C-T: 2.53175  G-T: 1.00000
Base frequencies:  A: 0.250  C: 0.250  G: 0.250  T: 0.250
Proportion of invariable sites: 0.192
Optimal log-likelihood: -45921.444
926  GTR+I         45921.444    13  91868.888    91868.914    91967.290
Optimizing model GTR+G4
1. Initial log-likelihood: -45928.193 (took 0.000 wall-clock sec)
Rate parameters:  A-C: 1.49148  A-G: 3.98866  A-T: 1.84202  C-G: 1.23265  C-T: 2.64671  G-T: 1.00000
Base frequencies:  A: 0.250  C: 0.250  G: 0.250  T: 0.250
Gamma shape alpha: 1.541
Rate parameters:  A-C: 1.49027  A-G: 3.98830  A-T: 1.84541  C-G: 1.23130  C-T: 2.64620  G-T: 1.00000
Base frequencies:  A: 0.250  C: 0.250  G: 0.250  T: 0.250
Gamma shape alpha: 1.544
Optimal log-likelihood: -45917.942
927  GTR+G4        45917.942    13  91861.885    91861.910    91960.286
Alignment state count time was 0.000 seconds.
Empirical state frequencies: 0.3612212259 0.1725845548 0.2302056894 0.2359885299 
Optimizing model GTR+F+I
1. Initial log-likelihood: -45168.2763266749 (took 0.0000662124 wall-clock sec)
Rate parameters:  A-C: 1.53735  A-G: 3.13019  A-T: 1.39143  C-G: 1.50827  C-T: 3.17712  G-T: 1.00000
Base frequencies:  A: 0.361  C: 0.173  G: 0.230  T: 0.236
Proportion of invariable sites: 0.203
Rate parameters:  A-C: 1.53702  A-G: 3.13226  A-T: 1.38674  C-G: 1.50800  C-T: 3.17905  G-T: 1.00000
Base frequencies:  A: 0.361  C: 0.173  G: 0.230  T: 0.236
Proportion of invariable sites: 0.203
Optimal log-likelihood: -45167.620
948  GTR+F+I       45167.620    16  90367.240    90367.278    90488.349
Alignment state count time was 0.000 seconds.
Empirical state frequencies: 0.3612212259 0.1725845548 0.2302056894 0.2359885299 
Optimizing model GTR+F+G4
1. Initial log-likelihood: -45180.0426695358 (took 0.0001613894 wall-clock sec)
Rate parameters:  A-C: 1.57794  A-G: 3.28967  A-T: 1.42007  C-G: 1.55349  C-T: 3.30029  G-T: 1.00000
Base frequencies:  A: 0.361  C: 0.173  G: 0.230  T: 0.236
Gamma shape alpha: 1.437
Rate parameters:  A-C: 1.58031  A-G: 3.29258  A-T: 1.41890  C-G: 1.55306  C-T: 3.30258  G-T: 1.00000
Base frequencies:  A: 0.361  C: 0.173  G: 0.230  T: 0.236
Gamma shape alpha: 1.434
Optimal log-likelihood: -45169.068
949  GTR+F+G4      45169.068    16  90370.136    90370.174    90491.246
Akaike Information Criterion:           TVM+F+I
Corrected Akaike Information Criterion: TVM+F+I
Bayesian Information Criterion:         TVM+F+I
Best-fit model: TVM+F+I chosen according to BIC

All model information printed to ../../results/coalescent_astral/gene_trees_nt/prx.model.gz
CPU time for ModelFinder: 1.321 seconds (0h:0m:1s)
Wall-clock time for ModelFinder: 0.682 seconds (0h:0m:0s)
Alignment state count time was 0.000 seconds.
Empirical state frequencies: 0.3612212259 0.1725845548 0.2302056894 0.2359885299 
Generating 1000 samples for ultrafast bootstrap (seed: 12345)...
Alignment state count time was 0.0000814297 seconds.
Empirical state frequencies: 0.3612212259 0.1725845548 0.2302056894 0.2359885299 

ML-TREE SEARCH START WITH THE FOLLOWING PARAMETERS:
Model of evolution: TVM+F+I with counted frequencies (15 free parameters)
Fixed branch lengths: No
Tree search algorithm: Stochastic nearest neighbor interchange
Termination condition: min 0.9900000000 correlation coefficient
NNI assessed on: 5 branches
Phylogenetic likelihood library: No
Branch length optimization method: Newton
Number of Newton-Raphson steps in NNI evaluation and branch length optimization: 10 / 10
SSE instructions: Yes

NOTE: 2 MB RAM (0 GB) is required!
Estimate model parameters (epsilon = 0.1000000000)
1. Initial log-likelihood: -45179.1600952332 (took 0.0000828868 wall-clock sec)
Rate parameters:  A-C: 1.58705  A-G: 3.24922  A-T: 1.43035  C-G: 1.56843  C-T: 3.24922  G-T: 1.00000
Base frequencies:  A: 0.361  C: 0.173  G: 0.230  T: 0.236
Proportion of invariable sites: 0.204
2. Current log-likelihood: -45167.847 (after 0.003 wall-clock sec)
Rate parameters:  A-C: 1.57139  A-G: 3.24373  A-T: 1.43721  C-G: 1.55251  C-T: 3.24373  G-T: 1.00000
Base frequencies:  A: 0.361  C: 0.173  G: 0.230  T: 0.236
Proportion of invariable sites: 0.204
Optimal log-likelihood: -45167.756
Parameters optimization took 2 rounds (0.005 sec)
Best tree printed to ../../results/coalescent_astral/gene_trees_nt/prx.treefile
Wrote distance file to... 
Computing ML distances based on estimated model parameters...
0.000080s Longest distance was 1.208078
Calculating distance matrix: done in 8.84933e-05 secs using 792.2% CPU
Distance calculation time: 0.000126 seconds
Computing ML distances took 0.000142 sec (of wall-clock time) 0.000758 sec (of CPU time)
Setting up auxiliary I and S matrices: done in 0.000249607 secs using 161.5% CPU
Constructing RapidNJ tree: done in 0.000356393 secs
Computing RapidNJ tree took 0.000675 sec (of wall-clock time) 0.000946 sec (of CPU time)
Computing RapidNJ tree (from in-memory) distance matrix took 0.001 sec.
Time taken to write distance file: 0.004 seconds 
Loading tree (from file ../../results/coalescent_astral/gene_trees_nt/prx.bionj) took 0.000 sec.
Wall-clock time spent creating initial tree was 0.004 seconds
Log-likelihood of RapidNJ tree: -45167.725
--------------------------------------------------------------------
|             INITIALIZING CANDIDATE TREE SET                      |
--------------------------------------------------------------------
Generating 99 parsimony trees... 0.072 second
Computing log-likelihood of 4 initial trees ... 0.002 seconds
Current best score: -45167.725

Do NNI search on 5 best initial trees
Optimizing NNI: done in 0.00167761 secs using 159.6% CPU
NOTE: Input tree is already NNI-optimal
Iteration 1 / LogL: -45167.725 / Time: 0h:0m:0s
Optimizing NNI: done in 0.00345379 secs using 215% CPU
Iteration 2 / LogL: -45187.528 / Time: 0h:0m:0s
Optimizing NNI: done in 0.00348034 secs using 156.9% CPU
Iteration 3 / LogL: -45189.407 / Time: 0h:0m:0s
Optimizing NNI: done in 0.00734838 secs using 181.2% CPU
Iteration 4 / LogL: -45171.496 / Time: 0h:0m:0s
Optimizing NNI: done in 0.00757155 secs using 178.7% CPU
Iteration 5 / LogL: -45171.554 / Time: 0h:0m:0s
Best tree printed to ../../results/coalescent_astral/gene_trees_nt/prx.treefile
Finish initializing candidate tree set (5)
Current best tree score: -45167.725 / CPU time: 0.104
Number of iterations: 5
--------------------------------------------------------------------
|               OPTIMIZING CANDIDATE TREE SET                      |
--------------------------------------------------------------------
Optimizing NNI: done in 0.00433779 secs using 168.8% CPU
Iteration 6 / LogL: -45190.085 / Time: 0h:0m:0s
Optimizing NNI: done in 0.0010993 secs using 279.5% CPU
NOTE: Input tree is already NNI-optimal
Iteration 7 / LogL: -45207.310 / Time: 0h:0m:0s
Optimizing NNI: done in 0.00297411 secs using 200.4% CPU
UPDATE BEST LOG-LIKELIHOOD: -45167.724
Iteration 8 / LogL: -45167.724 / Time: 0h:0m:0s
Best tree printed to ../../results/coalescent_astral/gene_trees_nt/prx.treefile
Optimizing NNI: done in 0.00295823 secs using 167% CPU
UPDATE BEST LOG-LIKELIHOOD: -45167.724
Iteration 9 / LogL: -45167.724 / Time: 0h:0m:0s
Best tree printed to ../../results/coalescent_astral/gene_trees_nt/prx.treefile
Optimizing NNI: done in 0.00283752 secs using 169.3% CPU
Iteration 10 / LogL: -45187.406 / Time: 0h:0m:0s
Optimizing NNI: done in 0.00286812 secs using 204% CPU
Iteration 11 / LogL: -45189.396 / Time: 0h:0m:0s
Optimizing NNI: done in 0.00629895 secs using 194.9% CPU
Iteration 12 / LogL: -45171.477 / Time: 0h:0m:0s
Optimizing NNI: done in 0.00107946 secs using 191.8% CPU
NOTE: Input tree is already NNI-optimal
Iteration 13 / LogL: -45207.310 / Time: 0h:0m:0s
Optimizing NNI: done in 0.00462367 secs using 186.5% CPU
Iteration 14 / LogL: -45190.622 / Time: 0h:0m:0s
Optimizing NNI: done in 0.00289228 secs using 168.9% CPU
Iteration 15 / LogL: -45202.260 / Time: 0h:0m:0s
Optimizing NNI: done in 0.00280081 secs using 135.7% CPU
Iteration 16 / LogL: -45189.396 / Time: 0h:0m:0s
Optimizing NNI: done in 0.00278678 secs using 207.1% CPU
UPDATE BEST LOG-LIKELIHOOD: -45167.724
Iteration 17 / LogL: -45167.724 / Time: 0h:0m:0s
Best tree printed to ../../results/coalescent_astral/gene_trees_nt/prx.treefile
Optimizing NNI: done in 0.00460338 secs using 164.7% CPU
Iteration 18 / LogL: -45190.673 / Time: 0h:0m:0s
Optimizing NNI: done in 0.00285981 secs using 204.2% CPU
Iteration 19 / LogL: -45187.552 / Time: 0h:0m:0s
Optimizing NNI: done in 0.00802257 secs using 174.4% CPU
WARNING: NNI search needs unusual large number of steps (5) to converge!
Iteration 20 / LogL: -45188.747 / Time: 0h:0m:0s
Optimizing NNI: done in 0.00282694 secs using 205.4% CPU
UPDATE BEST LOG-LIKELIHOOD: -45167.724
Iteration 21 / LogL: -45167.724 / Time: 0h:0m:0s (0h:0m:1s left)
Best tree printed to ../../results/coalescent_astral/gene_trees_nt/prx.treefile
Optimizing NNI: done in 0.004351 secs using 192.3% CPU
Iteration 22 / LogL: -45190.085 / Time: 0h:0m:0s (0h:0m:1s left)
Optimizing NNI: done in 0.00772748 secs using 190.1% CPU
WARNING: NNI search needs unusual large number of steps (5) to converge!
Iteration 23 / LogL: -45188.025 / Time: 0h:0m:0s (0h:0m:1s left)
Optimizing NNI: done in 0.00276877 secs using 207.8% CPU
Iteration 24 / LogL: -45187.414 / Time: 0h:0m:0s (0h:0m:0s left)
Optimizing NNI: done in 0.00276289 secs using 208.2% CPU
Iteration 25 / LogL: -45189.396 / Time: 0h:0m:0s (0h:0m:0s left)
Optimizing NNI: done in 0.00274799 secs using 208.7% CPU
Iteration 26 / LogL: -45187.414 / Time: 0h:0m:0s (0h:0m:0s left)
Optimizing NNI: done in 0.00621013 secs using 196.6% CPU
Iteration 27 / LogL: -45171.511 / Time: 0h:0m:1s (0h:0m:0s left)
Optimizing NNI: done in 0.00293003 secs using 200.1% CPU
Iteration 28 / LogL: -45189.396 / Time: 0h:0m:1s (0h:0m:0s left)
Optimizing NNI: done in 0.0107016 secs using 191.2% CPU
WARNING: NNI search needs unusual large number of steps (5) to converge!
Iteration 29 / LogL: -45171.633 / Time: 0h:0m:1s (0h:0m:0s left)
Optimizing NNI: done in 0.00631713 secs using 194.9% CPU
Iteration 30 / LogL: -45171.511 / Time: 0h:0m:1s (0h:0m:0s left)
Optimizing NNI: done in 0.00442916 secs using 167.1% CPU
Iteration 31 / LogL: -45188.423 / Time: 0h:0m:1s (0h:0m:0s left)
Optimizing NNI: done in 0.00414314 secs using 172.5% CPU
Iteration 32 / LogL: -45189.526 / Time: 0h:0m:1s (0h:0m:0s left)
Optimizing NNI: done in 0.0043259 secs using 215.1% CPU
Iteration 33 / LogL: -45189.526 / Time: 0h:0m:1s (0h:0m:0s left)
Optimizing NNI: done in 0.00628641 secs using 195% CPU
Iteration 34 / LogL: -45171.511 / Time: 0h:0m:1s (0h:0m:0s left)
Optimizing NNI: done in 0.00420405 secs using 171.4% CPU
Iteration 35 / LogL: -45189.526 / Time: 0h:0m:1s (0h:0m:0s left)
Optimizing NNI: done in 0.00111767 secs using 188.6% CPU
NOTE: Input tree is already NNI-optimal
Iteration 36 / LogL: -45207.310 / Time: 0h:0m:1s (0h:0m:0s left)
Optimizing NNI: done in 0.0045837 secs using 186.9% CPU
Iteration 37 / LogL: -45190.673 / Time: 0h:0m:1s (0h:0m:0s left)
Optimizing NNI: done in 0.00444181 secs using 189.7% CPU
Iteration 38 / LogL: -45188.423 / Time: 0h:0m:1s (0h:0m:0s left)
Optimizing NNI: done in 0.00281829 secs using 170% CPU
Iteration 39 / LogL: -45189.396 / Time: 0h:0m:1s (0h:0m:0s left)
Optimizing NNI: done in 0.00439985 secs using 190.3% CPU
Iteration 40 / LogL: -45190.085 / Time: 0h:0m:1s (0h:0m:0s left)
Optimizing NNI: done in 0.00810743 secs using 185.8% CPU
WARNING: NNI search needs unusual large number of steps (5) to converge!
Iteration 41 / LogL: -45188.747 / Time: 0h:0m:1s (0h:0m:0s left)
Optimizing NNI: done in 0.00794748 secs using 187.6% CPU
WARNING: NNI search needs unusual large number of steps (5) to converge!
Iteration 42 / LogL: -45188.747 / Time: 0h:0m:1s (0h:0m:0s left)
Optimizing NNI: done in 0.00450138 secs using 188.8% CPU
Iteration 43 / LogL: -45190.673 / Time: 0h:0m:1s (0h:0m:0s left)
Optimizing NNI: done in 0.00804694 secs using 199% CPU
WARNING: NNI search needs unusual large number of steps (5) to converge!
Iteration 44 / LogL: -45188.747 / Time: 0h:0m:1s (0h:0m:0s left)
Optimizing NNI: done in 0.00480783 secs using 161.9% CPU
Iteration 45 / LogL: -45170.858 / Time: 0h:0m:1s (0h:0m:0s left)
Optimizing NNI: done in 0.00812598 secs using 161.3% CPU
WARNING: NNI search needs unusual large number of steps (5) to converge!
Iteration 46 / LogL: -45188.747 / Time: 0h:0m:1s (0h:0m:0s left)
Optimizing NNI: done in 0.00286625 secs using 169.6% CPU
Iteration 47 / LogL: -45187.552 / Time: 0h:0m:1s (0h:0m:0s left)
Optimizing NNI: done in 0.00842051 secs using 194.4% CPU
WARNING: NNI search needs unusual large number of steps (5) to converge!
Iteration 48 / LogL: -45170.044 / Time: 0h:0m:1s (0h:0m:0s left)
Optimizing NNI: done in 0.00287927 secs using 203.7% CPU
UPDATE BEST LOG-LIKELIHOOD: -45167.724
Iteration 49 / LogL: -45167.724 / Time: 0h:0m:1s (0h:0m:0s left)
Best tree printed to ../../results/coalescent_astral/gene_trees_nt/prx.treefile
Optimizing NNI: done in 0.00829914 secs using 172.3% CPU
WARNING: NNI search needs unusual large number of steps (5) to converge!
Iteration 50 / LogL: -45170.044 / Time: 0h:0m:1s (0h:0m:0s left)
1000 tree(s) converted
Using hash_map
Converting collection of tree(s) into split system...
Log-likelihood cutoff on original alignment: -45178.149
Optimizing NNI: done in 0.00440845 secs using 190% CPU
Iteration 51 / LogL: -45190.622 / Time: 0h:0m:1s (0h:0m:0s left)
Optimizing NNI: done in 0.00279944 secs using 172.1% CPU
UPDATE BEST LOG-LIKELIHOOD: -45167.724
Iteration 52 / LogL: -45167.724 / Time: 0h:0m:1s (0h:0m:0s left)
Best tree printed to ../../results/coalescent_astral/gene_trees_nt/prx.treefile
Optimizing NNI: done in 0.0044582 secs using 166.5% CPU
Iteration 53 / LogL: -45188.423 / Time: 0h:0m:1s (0h:0m:0s left)
Optimizing NNI: done in 0.00419775 secs using 194.8% CPU
Iteration 54 / LogL: -45189.526 / Time: 0h:0m:1s (0h:0m:0s left)
Optimizing NNI: done in 0.00435984 secs using 214.2% CPU
Iteration 55 / LogL: -45190.696 / Time: 0h:0m:1s (0h:0m:0s left)
Optimizing NNI: done in 0.00484842 secs using 182.5% CPU
Iteration 56 / LogL: -45170.858 / Time: 0h:0m:1s (0h:0m:0s left)
Optimizing NNI: done in 0.00286973 secs using 203.9% CPU
UPDATE BEST LOG-LIKELIHOOD: -45167.724
Iteration 57 / LogL: -45167.724 / Time: 0h:0m:1s (0h:0m:0s left)
Best tree printed to ../../results/coalescent_astral/gene_trees_nt/prx.treefile
Optimizing NNI: done in 0.00781092 secs using 201.6% CPU
WARNING: NNI search needs unusual large number of steps (5) to converge!
Iteration 58 / LogL: -45188.025 / Time: 0h:0m:1s (0h:0m:0s left)
Optimizing NNI: done in 0.00279968 secs using 206.6% CPU
Iteration 59 / LogL: -45187.415 / Time: 0h:0m:1s (0h:0m:0s left)
Optimizing NNI: done in 0.00278259 secs using 207.4% CPU
Iteration 60 / LogL: -45189.396 / Time: 0h:0m:1s (0h:0m:0s left)
Optimizing NNI: done in 0.00837391 secs using 195.1% CPU
WARNING: NNI search needs unusual large number of steps (5) to converge!
Iteration 61 / LogL: -45170.044 / Time: 0h:0m:1s (0h:0m:0s left)
Optimizing NNI: done in 0.0028357 secs using 170.5% CPU
UPDATE BEST LOG-LIKELIHOOD: -45167.724
Iteration 62 / LogL: -45167.724 / Time: 0h:0m:1s (0h:0m:0s left)
Best tree printed to ../../results/coalescent_astral/gene_trees_nt/prx.treefile
Optimizing NNI: done in 0.00843962 secs using 206.1% CPU
WARNING: NNI search needs unusual large number of steps (5) to converge!
Iteration 63 / LogL: -45171.633 / Time: 0h:0m:1s (0h:0m:0s left)
Optimizing NNI: done in 0.00838567 secs using 206.8% CPU
WARNING: NNI search needs unusual large number of steps (5) to converge!
Iteration 64 / LogL: -45171.633 / Time: 0h:0m:1s (0h:0m:0s left)
Optimizing NNI: done in 0.00454877 secs using 188.2% CPU
Iteration 65 / LogL: -45190.673 / Time: 0h:0m:1s (0h:0m:0s left)
Optimizing NNI: done in 0.00791529 secs using 188.1% CPU
WARNING: NNI search needs unusual large number of steps (5) to converge!
Iteration 66 / LogL: -45188.747 / Time: 0h:0m:1s (0h:0m:0s left)
Optimizing NNI: done in 0.00761294 secs using 204.6% CPU
WARNING: NNI search needs unusual large number of steps (5) to converge!
Iteration 67 / LogL: -45188.025 / Time: 0h:0m:1s (0h:0m:0s left)
Optimizing NNI: done in 0.0043176 secs using 215.3% CPU
Iteration 68 / LogL: -45190.085 / Time: 0h:0m:1s (0h:0m:0s left)
Optimizing NNI: done in 0.00446552 secs using 189.2% CPU
Iteration 69 / LogL: -45188.423 / Time: 0h:0m:1s (0h:0m:0s left)
Optimizing NNI: done in 0.00276464 secs using 173% CPU
UPDATE BEST LOG-LIKELIHOOD: -45167.724
Iteration 70 / LogL: -45167.724 / Time: 0h:0m:1s (0h:0m:0s left)
Best tree printed to ../../results/coalescent_astral/gene_trees_nt/prx.treefile
Optimizing NNI: done in 0.00439616 secs using 212.9% CPU
Iteration 71 / LogL: -45190.085 / Time: 0h:0m:1s (0h:0m:0s left)
Optimizing NNI: done in 0.00442627 secs using 189.9% CPU
Iteration 72 / LogL: -45188.423 / Time: 0h:0m:1s (0h:0m:0s left)
Optimizing NNI: done in 0.00279083 secs using 207% CPU
Iteration 73 / LogL: -45167.724 / Time: 0h:0m:1s (0h:0m:0s left)
Optimizing NNI: done in 0.00636606 secs using 178.1% CPU
Iteration 74 / LogL: -45171.511 / Time: 0h:0m:1s (0h:0m:0s left)
Optimizing NNI: done in 0.00828852 secs using 184.2% CPU
WARNING: NNI search needs unusual large number of steps (5) to converge!
Iteration 75 / LogL: -45170.044 / Time: 0h:0m:1s (0h:0m:0s left)
Optimizing NNI: done in 0.00618558 secs using 212.6% CPU
Iteration 76 / LogL: -45171.511 / Time: 0h:0m:1s (0h:0m:0s left)
Optimizing NNI: done in 0.00281187 secs using 171.5% CPU
Iteration 77 / LogL: -45187.552 / Time: 0h:0m:1s (0h:0m:0s left)
Optimizing NNI: done in 0.00831879 secs using 195.5% CPU
WARNING: NNI search needs unusual large number of steps (5) to converge!
Iteration 78 / LogL: -45171.633 / Time: 0h:0m:1s (0h:0m:0s left)
Optimizing NNI: done in 0.0081552 secs using 197.6% CPU
WARNING: NNI search needs unusual large number of steps (5) to converge!
Iteration 79 / LogL: -45188.747 / Time: 0h:0m:1s (0h:0m:0s left)
Optimizing NNI: done in 0.00272575 secs using 209.5% CPU
Iteration 80 / LogL: -45187.416 / Time: 0h:0m:1s (0h:0m:0s left)
Optimizing NNI: done in 0.00438127 secs using 168.4% CPU
Iteration 81 / LogL: -45190.085 / Time: 0h:0m:1s (0h:0m:0s left)
Optimizing NNI: done in 0.00425064 secs using 170.4% CPU
Iteration 82 / LogL: -45189.526 / Time: 0h:0m:1s (0h:0m:0s left)
Optimizing NNI: done in 0.00846134 secs using 182.2% CPU
WARNING: NNI search needs unusual large number of steps (5) to converge!
Iteration 83 / LogL: -45170.044 / Time: 0h:0m:1s (0h:0m:0s left)
Optimizing NNI: done in 0.00647789 secs using 192.1% CPU
Iteration 84 / LogL: -45171.477 / Time: 0h:0m:1s (0h:0m:0s left)
Optimizing NNI: done in 0.00494077 secs using 200.7% CPU
Iteration 85 / LogL: -45170.858 / Time: 0h:0m:1s (0h:0m:0s left)
Optimizing NNI: done in 0.0063356 secs using 210% CPU
Iteration 86 / LogL: -45171.511 / Time: 0h:0m:1s (0h:0m:0s left)
Optimizing NNI: done in 0.00280539 secs using 206% CPU
Iteration 87 / LogL: -45189.396 / Time: 0h:0m:1s (0h:0m:0s left)
Optimizing NNI: done in 0.00280657 secs using 171.2% CPU
Iteration 88 / LogL: -45167.724 / Time: 0h:0m:1s (0h:0m:0s left)
Optimizing NNI: done in 0.00280775 secs using 170.6% CPU
Iteration 89 / LogL: -45187.552 / Time: 0h:0m:1s (0h:0m:0s left)
Optimizing NNI: done in 0.00482162 secs using 183.2% CPU
Iteration 90 / LogL: -45170.858 / Time: 0h:0m:1s (0h:0m:0s left)
Optimizing NNI: done in 0.00421313 secs using 194.4% CPU
Iteration 91 / LogL: -45190.696 / Time: 0h:0m:1s (0h:0m:0s left)
Optimizing NNI: done in 0.00427201 secs using 193% CPU
Iteration 92 / LogL: -45190.085 / Time: 0h:0m:1s (0h:0m:0s left)
Optimizing NNI: done in 0.00274611 secs using 208.8% CPU
Iteration 93 / LogL: -45189.396 / Time: 0h:0m:1s (0h:0m:0s left)
Optimizing NNI: done in 0.00805643 secs using 198.8% CPU
WARNING: NNI search needs unusual large number of steps (5) to converge!
Iteration 94 / LogL: -45188.747 / Time: 0h:0m:1s (0h:0m:0s left)
Optimizing NNI: done in 0.00442157 secs using 167.7% CPU
Iteration 95 / LogL: -45188.423 / Time: 0h:0m:1s (0h:0m:0s left)
Optimizing NNI: done in 0.00464962 secs using 185.9% CPU
Iteration 96 / LogL: -45190.622 / Time: 0h:0m:1s (0h:0m:0s left)
Optimizing NNI: done in 0.00830419 secs using 195.6% CPU
WARNING: NNI search needs unusual large number of steps (5) to converge!
Iteration 97 / LogL: -45171.633 / Time: 0h:0m:1s (0h:0m:0s left)
Optimizing NNI: done in 0.00278666 secs using 206.9% CPU
Iteration 98 / LogL: -45189.396 / Time: 0h:0m:1s (0h:0m:0s left)
Optimizing NNI: done in 0.00285202 secs using 169.9% CPU
Iteration 99 / LogL: -45167.724 / Time: 0h:0m:1s (0h:0m:0s left)
Optimizing NNI: done in 0.00624872 secs using 163.8% CPU
Iteration 100 / LogL: -45171.511 / Time: 0h:0m:1s (0h:0m:0s left)
1000 tree(s) converted
Using hash_map
Converting collection of tree(s) into split system...
Log-likelihood cutoff on original alignment: -45178.149
0 new splits compared to old boot_splits
NOTE: Bootstrap correlation coefficient of split occurrence frequencies: 1.000
Optimizing NNI: done in 0.00814153 secs using 197.5% CPU
WARNING: NNI search needs unusual large number of steps (5) to converge!
Iteration 101 / LogL: -45171.633 / Time: 0h:0m:1s (0h:0m:0s left)
0 new splits compared to old boot_splits
TREE SEARCH COMPLETED AFTER 101 ITERATIONS / Time: 0h:0m:1s

Log-likelihoods of 5 best candidate trees: 
-45167.724 -45217.009 -45229.525 -46820.160 -46821.752 

--------------------------------------------------------------------
|                    FINALIZING TREE SEARCH                        |
--------------------------------------------------------------------
Performs final model parameters optimization
Estimate model parameters (epsilon = 0.010)
1. Initial log-likelihood: -45167.724 (took 0.000 wall-clock sec)
Rate parameters:  A-C: 1.57547  A-G: 3.23948  A-T: 1.42588  C-G: 1.55332  C-T: 3.23948  G-T: 1.00000
Base frequencies:  A: 0.361  C: 0.173  G: 0.230  T: 0.236
Proportion of invariable sites: 0.204
2. Current log-likelihood: -45167.706 (after 0.002 wall-clock sec)
Rate parameters:  A-C: 1.57197  A-G: 3.22785  A-T: 1.42815  C-G: 1.54832  C-T: 3.22785  G-T: 1.00000
Base frequencies:  A: 0.361  C: 0.173  G: 0.230  T: 0.236
Proportion of invariable sites: 0.204
Optimal log-likelihood: -45167.697
Parameters optimization took 2 rounds (0.003 sec)
BEST SCORE FOUND : -45167.697

Testing tree branches by SH-like aLRT with 1000 replicates...
0.054 sec.
Creating bootstrap support values...
1000 tree(s) converted
max_tree_id = 1   max_weight = 1 (0.100%)
Using hash_map
Converting collection of tree(s) into split system...
7 splits found
Split supports printed to NEXUS file ../../results/coalescent_astral/gene_trees_nt/prx.splits.nex
Total tree length: 1.407

Total number of iterations: 101
CPU time used for tree search: 1.544 sec (0h:0m:1s)
Wall-clock time used for tree search: 0.851 sec (0h:0m:0s)
Total CPU time used: 3.091 sec (0h:0m:3s)
Total wall-clock time used: 1.742 sec (0h:0m:1s)

Computing bootstrap consensus tree...
Reading input file ../../results/coalescent_astral/gene_trees_nt/prx.splits.nex...
Reading "TAXA" block...
Reading "SPLITS" block...
5 taxa and 7 splits.
Rescaling split weights by 1.000
Consensus tree written to ../../results/coalescent_astral/gene_trees_nt/prx.contree
Reading input trees file ../../results/coalescent_astral/gene_trees_nt/prx.contree
Log-likelihood of consensus tree: -45167.698
Best tree printed to ../../results/coalescent_astral/gene_trees_nt/prx.treefile
Tree contains 5 taxa and 7 branches

Analysis results written to: 
  IQ-TREE report:                ../../results/coalescent_astral/gene_trees_nt/prx.iqtree
  Maximum-likelihood tree:       ../../results/coalescent_astral/gene_trees_nt/prx.treefile
  Likelihood distances:          ../../results/coalescent_astral/gene_trees_nt/prx.mldist

Ultrafast bootstrap approximation results written to:
  Split support values:          ../../results/coalescent_astral/gene_trees_nt/prx.splits.nex
  Consensus tree:                ../../results/coalescent_astral/gene_trees_nt/prx.contree
  Screen log file:               ../../results/coalescent_astral/gene_trees_nt/prx.log

Date and Time: Tue Apr 28 22:45:56 2026
